This is LuaHBTeX, Version 1.18.0 (TeX Live 2024)  (format=lualatex 2024.9.7)  15 SEP 2024 20:14
 restricted system commands enabled.
**"L’impero del silenzio.tex"
("./L’impero del silenzio.tex"
LaTeX2e <2024-06-01> patch level 2
L3 programming layer <2024-08-16>
Lua module: luaotfload 2024-02-14 3.28 Lua based OpenType font support
Lua module: lualibs 2023-07-13 2.76 ConTeXt Lua standard libraries.
Lua module: lualibs-extended 2023-07-13 2.76 ConTeXt Lua libraries -- extended c
ollection.
luaotfload | conf : Root cache directory is "C:/texlive/2024/texmf-var/luatex-ca
che/generic/names".
luaotfload | init : Loading fontloader "fontloader-2023-12-28.lua" from kpse-res
olved path "c:/texlive/2024/texmf-dist/tex/luatex/luaotfload/fontloader-2023-12-
28.lua".
Lua-only attribute luaotfload@noligature = 1
luaotfload | init : Context OpenType loader version 3.134
Inserting `luaotfload.node_processor' in `pre_linebreak_filter'.
Inserting `luaotfload.node_processor' in `hpack_filter'.
Inserting `luaotfload.glyph_stream' in `glyph_stream_provider'.
Inserting `luaotfload.define_font' in `define_font'.
Lua-only attribute luaotfload_color_attribute = 2
luaotfload | conf : Root cache directory is "C:/texlive/2024/texmf-var/luatex-ca
che/generic/names".
Inserting `luaotfload.harf.strip_prefix' in `find_opentype_file'.
Inserting `luaotfload.harf.strip_prefix' in `find_truetype_file'.
Removing  `luaotfload.glyph_stream' from `glyph_stream_provider'.
Inserting `luaotfload.harf.glyphstream' in `glyph_stream_provider'.
Inserting `luaotfload.harf.finalize_vlist' in `post_linebreak_filter'.
Inserting `luaotfload.harf.finalize_hlist' in `hpack_filter'.
Inserting `luaotfload.cleanup_files' in `wrapup_run'.
Inserting `luaotfload.harf.finalize_unicode' in `finish_pdffile'.
Inserting `luaotfload.glyphinfo' in `glyph_info'.
Lua-only attribute luaotfload.letterspace_done = 3
Inserting `luaotfload.aux.set_sscale_dimens' in `luaotfload.patch_font'.
Inserting `luaotfload.aux.set_font_index' in `luaotfload.patch_font'.
Inserting `luaotfload.aux.patch_cambria_domh' in `luaotfload.patch_font'.
Inserting `luaotfload.aux.fixup_fontdata' in `luaotfload.patch_font_unsafe'.
Inserting `luaotfload.aux.set_capheight' in `luaotfload.patch_font'.
Inserting `luaotfload.aux.set_xheight' in `luaotfload.patch_font'.
Inserting `luaotfload.rewrite_fontname' in `luaotfload.patch_font'.
Inserting `tracingstacklevels' in `input_level_string'. (./Impostazioni/imposta
zioni.tex
(c:/texlive/2024/texmf-dist/tex/latex/memoir/memoir.cls
Document Class: memoir 2024/01/26 v3.8.2 configurable book, report, article doc
ument class
(c:/texlive/2024/texmf-dist/tex/latex/xpatch/xpatch.sty
(c:/texlive/2024/texmf-dist/tex/latex/l3kernel/expl3.sty
Package: expl3 2024-08-16 L3 programming layer (loader) 

(c:/texlive/2024/texmf-dist/tex/latex/l3backend/l3backend-luatex.def
File: l3backend-luatex.def 2024-05-08 L3 backend support: PDF output (LuaTeX)
\l__color_backend_stack_int=\count192
Inserting `l3color' in `luaotfload.parse_color'.
\l__pdf_internal_box=\box52
))
Package: xpatch 2020/03/25 v0.3a Extending etoolbox patching commands

(c:/texlive/2024/texmf-dist/tex/latex/l3packages/xparse/xparse.sty
Package: xparse 2024-08-16 L3 Experimental document command parser
)
(c:/texlive/2024/texmf-dist/tex/latex/etoolbox/etoolbox.sty
Package: etoolbox 2020/10/05 v2.5k e-TeX tools for LaTeX (JAW)
\etb@tempcnta=\count193
))
\onelineskip=\skip49
\lxvchars=\skip50
\xlvchars=\skip51
\@memcnta=\count194
\c@@memmarkcntra=\count195

(c:/texlive/2024/texmf-dist/tex/generic/iftex/iftex.sty
Package: iftex 2022/02/03 v1.0f TeX engine tests
)
\trimtop=\skip52
\trimedge=\skip53

(c:/texlive/2024/texmf-dist/tex/latex/memoir/mem10.clo
File: mem10.clo 2022/07/29 v0.5 memoir class 10pt size option
luaotfload | db : Font names database loaded from C:/texlive/2024/texmf-var/luat
ex-cache/generic/names/luaotfload-names.luc.gz)
\binding=\skip54
\spinemargin=\skip55
\foremargin=\skip56
\uppermargin=\skip57
\lowermargin=\skip58
\headdrop=\skip59
\normalrulethickness=\skip60
\mem@maxheadheight=\skip61
\mem@maxfootheight=\skip62
\headwidth=\skip63
\c@storedpagenumber=\count196
\memPD=\dimen140
\m@mabparskip=\skip64
\thanksmarkwidth=\skip65
\thanksmarksep=\skip66
\droptitle=\skip67
\c@book=\count197
\c@part=\count198
\c@chapter=\count199
\c@section=\count266
\c@subsection=\count267
\c@subsubsection=\count268
\c@paragraph=\count269
\c@subparagraph=\count270
\beforechapskip=\skip68
\midchapskip=\skip69
\afterchapskip=\skip70
\chapindent=\skip71
\bottomsectionskip=\skip72
\secindent=\skip73
\beforesecskip=\skip74
\aftersecskip=\skip75
\subsecindent=\skip76
\beforesubsecskip=\skip77
\aftersubsecskip=\skip78
\subsubsecindent=\skip79
\beforesubsubsecskip=\skip80
\aftersubsubsecskip=\skip81
\paraindent=\skip82
\beforeparaskip=\skip83
\afterparaskip=\skip84
\subparaindent=\skip85
\beforesubparaskip=\skip86
\aftersubparaskip=\skip87
\pfbreakskip=\skip88
\c@@ppsavesec=\count271
\c@@ppsaveapp=\count272
\ragrparindent=\dimen141
\everylistparindent=\dimen142
\parsepi=\skip89
\topsepi=\skip90
\itemsepi=\skip91
\parsepii=\skip92
\topsepii=\skip93
\topsepiii=\skip94
\itemsepii=\skip95
\itemsepiii=\skip96
\partopsepii=\skip97
\partopsepiii=\skip98
\m@msavetopsep=\skip99
\m@msavepartopsep=\skip100
\@enLab=\toks17
\abstitleskip=\skip101
\absleftindent=\skip102
\abs@leftindent=\dimen143
\absrightindent=\skip103
\absparindent=\skip104
\absparsep=\skip105
\c@vslineno=\count273
\c@poemline=\count274
\c@modulo@vs=\count275
\c@memfvsline=\count276
\vleftskip=\skip106
\vrightskip=\skip107
\stanzaskip=\skip108
\versewidth=\skip109
\vgap=\skip110
\vindent=\skip111
\vleftmargin=\dimen144
\c@verse=\count277
\c@chrsinstr=\count278
\beforepoemtitleskip=\skip112
\afterpoemtitleskip=\skip113
\c@poem=\count279
\beforePoemTitleskip=\skip114
\midPoemTitleskip=\skip115
\afterPoemTitleskip=\skip116

(c:/texlive/2024/texmf-dist/tex/latex/tools/array.sty
Package: array 2024/06/14 v2.6d Tabular extension package (FMi)
\col@sep=\dimen145
\ar@mcellbox=\box53
\extrarowheight=\dimen146
\NC@list=\toks18
\extratabsurround=\skip117
\backup@length=\skip118
\ar@cellbox=\box54
)
(c:/texlive/2024/texmf-dist/tex/latex/tools/dcolumn.sty
Package: dcolumn 2023/07/08 v1.06 decimal alignment package (DPC)
)
(c:/texlive/2024/texmf-dist/tex/latex/tools/delarray.sty
Package: delarray 2014/10/28 v1.01 array delimiter package (DPC)
)
(c:/texlive/2024/texmf-dist/tex/latex/tools/tabularx.sty
Package: tabularx 2023/12/11 v2.12a `tabularx' package (DPC)
\TX@col@width=\dimen147
\TX@old@table=\dimen148
\TX@old@col=\dimen149
\TX@target=\dimen150
\TX@delta=\dimen151
\TX@cols=\count280
\TX@ftn=\toks19
)
(c:/texlive/2024/texmf-dist/tex/latex/booktabs/booktabs.sty
Package: booktabs 2020/01/12 v1.61803398 Publication quality tables
\heavyrulewidth=\dimen152
\lightrulewidth=\dimen153
\cmidrulewidth=\dimen154
\belowrulesep=\dimen155
\belowbottomsep=\dimen156
\aboverulesep=\dimen157
\abovetopsep=\dimen158
\cmidrulesep=\dimen159
\cmidrulekern=\dimen160
\defaultaddspace=\dimen161
\@cmidla=\count281
\@cmidlb=\count282
\@aboverulesep=\dimen162
\@belowrulesep=\dimen163
\@thisruleclass=\count283
\@lastruleclass=\count284
\@thisrulewidth=\dimen164
)
\ctableftskip=\skip119
\ctabrightskip=\skip120
\abovecolumnspenalty=\count285
\@linestogo=\count286
\@cellstogo=\count287
\@cellsincolumn=\count288
\crtok=\toks20
\@mincolumnwidth=\dimen165
\c@newflo@tctr=\count289
\mem@margin@floatbox=\box55
\@contcwidth=\skip121
\@contindw=\skip122
\abovecaptionskip=\skip123
\belowcaptionskip=\skip124
\subfloattopskip=\skip125
\subfloatcapskip=\skip126
\subfloatcaptopadj=\skip127
\subfloatbottomskip=\skip128
\subfloatlabelskip=\skip129
\subfloatcapmargin=\dimen166
\c@@contsubnum=\count290
\m@mscap@capbox=\box56
\m@mscap@fbox=\box57
\sidecapsep=\dimen167
\sidecapwidth=\dimen168
\m@m@tempdima=\dimen169
\m@mscapraise=\dimen170
\sidecapraise=\dimen171
\m@mscapmainwidth=\dimen172
\m@mscaplkern=\dimen173
\beforeepigraphskip=\skip130
\afterepigraphskip=\skip131
\epigraphwidth=\skip132
\epigraphrule=\skip133
LaTeX Info: Redefining \em on input line 6932.
LaTeX Info: Redefining \emph on input line 6940.

(c:/texlive/2024/texmf-dist/tex/latex/hyperref/nameref.sty
Package: nameref 2023-11-26 v2.56 Cross-referencing by name of section

(c:/texlive/2024/texmf-dist/tex/latex/refcount/refcount.sty
Package: refcount 2019/12/15 v3.6 Data extraction from label references (HO)

(c:/texlive/2024/texmf-dist/tex/generic/ltxcmds/ltxcmds.sty
Package: ltxcmds 2023-12-04 v1.26 LaTeX kernel commands for general use (HO)
)
(c:/texlive/2024/texmf-dist/tex/generic/infwarerr/infwarerr.sty
Package: infwarerr 2019/12/03 v1.5 Providing info/warning/error messages (HO)
))
(c:/texlive/2024/texmf-dist/tex/generic/gettitlestring/gettitlestring.sty
Package: gettitlestring 2019/12/15 v1.6 Cleanup title references (HO)

(c:/texlive/2024/texmf-dist/tex/latex/kvoptions/kvoptions.sty
Package: kvoptions 2022-06-15 v3.15 Key value format for package options (HO)

(c:/texlive/2024/texmf-dist/tex/latex/graphics/keyval.sty
Package: keyval 2022/05/29 v1.15 key=value parser (DPC)
\KV@toks@=\toks21
)
(c:/texlive/2024/texmf-dist/tex/latex/kvsetkeys/kvsetkeys.sty
Package: kvsetkeys 2022-10-05 v1.19 Key value parser (HO)
)))
\c@section@level=\count291
)
\tocentryskip=\skip134
\tocbaseline=\skip135
\cftparskip=\skip136
\cftbeforebookskip=\skip137
\cftbookindent=\dimen174
\cftbooknumwidth=\dimen175
\cftbeforepartskip=\skip138
\cftpartindent=\skip139
\cftpartnumwidth=\skip140
\cftbeforechapterskip=\skip141
\cftchapterindent=\skip142
\cftchapternumwidth=\skip143
\cftbeforesectionskip=\skip144
\cftsectionindent=\skip145
\cftsectionnumwidth=\skip146
\cftbeforesubsectionskip=\skip147
\cftsubsectionindent=\skip148
\cftsubsectionnumwidth=\skip149
\cftbeforesubsubsectionskip=\skip150
\cftsubsubsectionindent=\skip151
\cftsubsubsectionnumwidth=\skip152
\cftbeforeparagraphskip=\skip153
\cftparagraphindent=\skip154
\cftparagraphnumwidth=\skip155
\cftbeforesubparagraphskip=\skip156
\cftsubparagraphindent=\skip157
\cftsubparagraphnumwidth=\skip158
\prechapterprecisshift=\dimen176
\c@maxsecnumdepth=\count292
\bibindent=\dimen177
\bibitemsep=\skip159
\indexcolsep=\skip160
\indexrule=\skip161
\indexmarkstyle=\toks22
\@indexbox=\insert252
LaTeX Info: Redefining \raggedbottom on input line 7935.
LaTeX Info: Redefining \flushbottom on input line 7939.
\glossarycolsep=\dimen178
\glossaryrule=\dimen179
\sideparvshift=\skip162
\sideins=\insert251
\sidebartopsep=\skip163
\sidebarhsep=\skip164
\sidebarvsep=\skip165
\sidebarwidth=\skip166
\footmarkwidth=\skip167
\footmarksep=\skip168
\footparindent=\skip169
\footinsdim=\skip170
\footinsv@r=\insert250
\@mpfootinsv@r=\insert249
\m@m@k=\count293
\m@m@h=\dimen180
\m@mipn@skip=\skip171
\sidefootins=\insert248
\sidefootadjust=\skip172
\sidefootheight=\skip173
\sidefoothsep=\skip174
\sidefootvsep=\skip175
\sidefootwidth=\skip176
\m@mdownsf=\skip177
\c@sidefootnote=\count294
\sidefootmarkwidth=\skip178
\sidefootmarksep=\skip179
\sidefootparindent=\skip180
\c@pagenote=\count295
\c@pagenoteshadow=\count296
\mem@pn@lastkern=\skip181

(c:/texlive/2024/texmf-dist/tex/latex/tools/verbatim.sty
Package: verbatim 2024-01-22 v1.5x LaTeX2e package for verbatim enhancements
\every@verbatim=\toks23
\verbatim@line=\toks24
\verbatim@in@stream=\read2
)
\verbatimindent=\skip182
\verbatim@out=\write3

(c:/texlive/2024/texmf-dist/tex/latex/base/shortvrb.sty
Package: shortvrb 2024/04/26 v3.0p Standard LaTeX documentation package V3 (FMi
)
)
\bvboxsep=\skip183
\c@memfbvline=\count297
\c@bvlinectr=\count298
\bvnumlength=\skip184
\fb@frw=\dimen181
\fb@frh=\dimen182
\FrameRule=\dimen183
\FrameSep=\dimen184
\c@cp@cntr=\count299
\c@ism@mctr=\count300
\c@xsm@mctr=\count301
\c@csm@mctr=\count302
\c@ksm@mctr=\count303
\c@xksm@mctr=\count304
\c@cksm@mctr=\count305
\c@msm@mctr=\count306
\c@xmsm@mctr=\count307
\c@cmsm@mctr=\count308
\c@bsm@mctr=\count309
\c@workm@mctr=\count310
\c@sheetsequence=\count311
\c@lastsheet=\count312
\c@lastpage=\count313

(c:/texlive/2024/texmf-dist/tex/latex/textcase/textcase.sty
Package: textcase 2023/07/27 v1.04 Text only upper/lower case changing (DPC)
Package textcase Info: Defining Legacy names on input line 20.
)
\c@figure=\count314
\c@lofdepth=\count315
\cftbeforefigureskip=\skip185
\cftfigureindent=\skip186
\cftfigurenumwidth=\skip187
\c@table=\count316
\c@lotdepth=\count317
\cftbeforetableskip=\skip188
\cfttableindent=\skip189
\cfttablenumwidth=\skip190
Package abstract [2008/07/23] emulated by memoir.
Package appendix [2008/07/23] emulated by memoir.
Package ccaption [2008/07/23] emulated by memoir.
Package changepage [2008/07/23] emulated by memoir.
Package chngcntr [2008/07/23] emulated by memoir.
Package chngpage [2008/07/23] emulated by memoir.
Package crop emulated by memoir.
Package enumerate [2008/07/23] emulated by memoir.
Package epigraph [2008/07/23] emulated by memoir.
Package ifmtarg [2008/07/23] emulated by memoir.
Package index [2008/07/23] emulated by memoir.
Package makeidx [2008/07/23] emulated by memoir.
Package moreverb [2008/07/23] emulated by memoir.
Package needspace [2008/07/23] emulated by memoir.
Package newfile [2008/07/23] emulated by memoir.
Package nextpage [2008/07/23] emulated by memoir.
Package pagenote [2008/07/23] emulated by memoir.
Package parskip [2008/07/23] emulated by memoir.
Package patchcmd [2008/07/23] emulated by memoir.
Package setspace [2008/07/23] emulated by memoir.
Package shortvrb [2008/07/23] emulated by memoir.
Package showidx [2008/07/23] emulated by memoir.
Package titleref [2008/07/23] emulated by memoir.
Package titling [2008/07/23] emulated by memoir.
Package tocbibind [2008/07/23] emulated by memoir.
Package tocloft [2008/07/23] emulated by memoir.
Package tocvsec2 [2008/07/23] emulated by memoir.
Package verbatim [2008/07/23] emulated by memoir.
Package verse [2008/07/23] emulated by memoir.
)
(c:/texlive/2024/texmf-dist/tex/latex/base/inputenc.sty
Package: inputenc 2024/02/08 v1.3d Input encoding file
\inpenc@prehook=\toks25
\inpenc@posthook=\toks26


Package inputenc Warning: inputenc package ignored with utf8 based engines.

) (c:/texlive/2024/texmf-dist/tex/latex/base/fontenc.sty
Package: fontenc 2021/04/29 v2.0v Standard LaTeX package
LaTeX Font Info:    Trying to load font information for T1+lmr on input line 11
6.

(c:/texlive/2024/texmf-dist/tex/latex/lm/t1lmr.fd
File: t1lmr.fd 2015/05/01 v1.6.1 Font defs for Latin Modern
))
(c:/texlive/2024/texmf-dist/tex/latex/fontspec/fontspec.sty
Package: fontspec 2024/05/11 v2.9e Font selection for XeLaTeX and LuaLaTeX
Lua module: fontspec 2024/05/11 2.9e Font selection for XeLaTeX and LuaLaTeX
(c:/texlive/2024/texmf-dist/tex/latex/fontspec/fontspec-luatex.sty
Package: fontspec-luatex 2024/05/11 v2.9e Font selection for XeLaTeX and LuaLaT
eX
\l__fontspec_script_int=\count318
\l__fontspec_language_int=\count319
\l__fontspec_strnum_int=\count320
\l__fontspec_tmp_int=\count321
\l__fontspec_tmpa_int=\count322
\l__fontspec_tmpb_int=\count323
\l__fontspec_tmpc_int=\count324
\l__fontspec_em_int=\count325
\l__fontspec_emdef_int=\count326
\l__fontspec_strong_int=\count327
\l__fontspec_strongdef_int=\count328
\l__fontspec_tmpa_dim=\dimen185
\l__fontspec_tmpb_dim=\dimen186
\l__fontspec_tmpc_dim=\dimen187

(c:/texlive/2024/texmf-dist/tex/latex/base/fontenc.sty
Package: fontenc 2021/04/29 v2.0v Standard LaTeX package
)
(c:/texlive/2024/texmf-dist/tex/latex/fontspec/fontspec.cfg)))
(c:/texlive/2024/texmf-dist/tex/generic/babel/babel.sty
Package: babel 2024/08/29 v24.9 The Babel package

(c:/texlive/2024/texmf-dist/tex/generic/babel/luababel.def
\bbl@readstream=\read3
\l@dumylang=\language2
Package babel Info: Non-standard hyphenation setup on input line 117.
\l@nohyphenation=\language3
\l@vietnamese=\language4
\l@hebrew=\language5
\l@german-x-2024-02-28=\language6
\l@ngerman-x-2024-02-28=\language7
\l@afrikaans=\language8
\l@ancientgreek=\language9
\l@ibycus=\language10
\l@arabic=\language11
\l@armenian=\language12
\l@basque=\language13
\l@belarusian=\language14
\l@bulgarian=\language15
\l@catalan=\language16
\l@pinyin=\language17
\l@churchslavonic=\language18
\l@coptic=\language19
\l@croatian=\language20
\l@czech=\language21
\l@danish=\language22
\l@dutch=\language23
\l@ukenglish=\language24
\l@usenglishmax=\language25
\l@esperanto=\language26
\l@estonian=\language27
\l@ethiopic=\language28
\l@farsi=\language29
\l@finnish=\language30
\l@schoolfinnish=\language31
\l@french=\language32
\l@friulan=\language33
\l@galician=\language34
\l@georgian=\language35
\l@german=\language36
\l@ngerman=\language37
\l@swissgerman=\language38
\l@greek=\language39
\l@monogreek=\language40
\l@hungarian=\language41
\l@icelandic=\language42
\l@assamese=\language43
\l@bengali=\language44
\l@gujarati=\language45
\l@hindi=\language46
\l@kannada=\language47
\l@malayalam=\language48
\l@marathi=\language49
\l@oriya=\language50
\l@pali=\language51
\l@panjabi=\language52
\l@tamil=\language53
\l@telugu=\language54
\l@indonesian=\language55
\l@interlingua=\language56
\l@irish=\language57
\l@italian=\language58
\l@kurmanji=\language59
\l@classiclatin=\language60
\l@latin=\language61
\l@liturgicallatin=\language62
\l@latvian=\language63
\l@lithuanian=\language64
\l@macedonian=\language65
\l@mongolian=\language66
\l@mongolianlmc=\language67
\l@bokmal=\language68
\l@nynorsk=\language69
\l@occitan=\language70
\l@piedmontese=\language71
\l@polish=\language72
\l@portuguese=\language73
\l@romanian=\language74
\l@romansh=\language75
\l@russian=\language76
\l@sanskrit=\language77
\l@serbian=\language78
\l@serbianc=\language79
\l@slovak=\language80
\l@slovenian=\language81
\l@spanish=\language82
\l@swedish=\language83
\l@thai=\language84
\l@turkish=\language85
\l@turkmen=\language86
\l@ukrainian=\language87
\l@uppersorbian=\language88
\l@welsh=\language89
\babelcatcodetablenum=\catcodetable14
\bbl@pattcodes=\catcodetable15
)
\babel@savecnt=\count329
\U@D=\dimen188
\l@unhyphenated=\language90

(c:/texlive/2024/texmf-dist/tex/generic/babel/luababel.def
\bbl@attr@locale=\attribute4
)
(c:/texlive/2024/texmf-dist/tex/generic/babel-italian/italian.ldf
Language: italian 2024/01/03 v.1.5.00 Italian support for the babel system
\it@lettering=\count330
\it@doublequoteactive=\count331
\it@ISOcompliance=\count332

(c:/texlive/2024/texmf-dist/tex/generic/hyph-utf8/loadhyph/loadhyph-it.tex
UTF-8 Italian hyphenation patterns
(c:/texlive/2024/texmf-dist/tex/generic/hyph-utf8/patterns/tex/hyph-it.tex)
(c:/texlive/2024/texmf-dist/tex/generic/hyph-utf8/patterns/quote/hyph-quote-it.
tex))))
(c:/texlive/2024/texmf-dist/tex/generic/babel/locale/it/babel-italian.tex
Package babel Info: Importing font and identification data for italian
(babel)             from babel-it.ini. Reported on input line 11.
)
(c:/texlive/2024/texmf-dist/tex/latex/microtype/microtype.sty
Package: microtype 2024/03/29 v3.1b Micro-typographical refinements (RS)
\MT@toks=\toks27
\MT@tempbox=\box58
\MT@count=\count333
LaTeX Info: Redefining \noprotrusionifhmode on input line 1061.
LaTeX Info: Redefining \leftprotrusion on input line 1062.
\MT@prot@toks=\toks28
LaTeX Info: Redefining \rightprotrusion on input line 1081.
LaTeX Info: Redefining \textls on input line 1392.
\MT@outer@kern=\dimen189
LaTeX Info: Redefining \textmicrotypecontext on input line 2013.
\MT@listname@count=\count334

(c:/texlive/2024/texmf-dist/tex/latex/microtype/microtype-luatex.def
File: microtype-luatex.def 2024/03/29 v3.1b Definitions specific to luatex (RS)

Lua module: microtype 2024/03/29 3.1b microtype module.
Module microtype Info: overwriting function `keepligature' on input line 63
LaTeX Info: Redefining \lsstyle on input line 693.
LaTeX Info: Redefining \lslig on input line 693.
\MT@outer@space=\skip191
)
Package microtype Info: Loading configuration file microtype.cfg.

(c:/texlive/2024/texmf-dist/tex/latex/microtype/microtype.cfg
File: microtype.cfg 2024/03/29 v3.1b microtype main configuration file (RS)
))
(c:/texlive/2024/texmf-dist/tex/latex/cjhebrew/cjhebrew.sty
Package: cjhebrew 2017/03/06 v. 0.2a cjhebrew Hebrew Typesetting System

(c:/texlive/2024/texmf-dist/tex/generic/iftex/ifluatex.sty
Package: ifluatex 2019/10/25 v1.5 ifluatex legacy package. Use iftex instead.
)
(c:/texlive/2024/texmf-dist/tex/lualatex/luabidi/luabidi.sty
Package: luabidi 2023/10/01 v0.6 Bidirectional typesetting in LuaTeX

(c:/texlive/2024/texmf-dist/tex/lualatex/luabidi/luabidi-footnotes.def
\footnoterulewidth=\skip192
)))
(c:/texlive/2024/texmf-dist/tex/latex/garamond-libre/garamondlibre.sty

LaTeX Warning: You have requested package `garamondlibre',
               but the package provides `GaramondLibre'.

Package: GaramondLibre 2024/04/23 (Bob Tennent and autoinst) Style file for Gar
amondLibre fonts.
(c:/texlive/2024/texmf-dist/tex/generic/iftex/ifxetex.sty
Package: ifxetex 2019/10/25 v0.7 ifxetex legacy package. Use iftex instead.
)
(c:/texlive/2024/texmf-dist/tex/latex/xkeyval/xkeyval.sty
Package: xkeyval 2022/06/16 v2.9 package option processing (HA)

(c:/texlive/2024/texmf-dist/tex/generic/xkeyval/xkeyval.tex
(c:/texlive/2024/texmf-dist/tex/generic/xkeyval/xkvutils.tex
\XKV@toks=\toks29
\XKV@tempa@toks=\toks30
)
\XKV@depth=\count335
File: xkeyval.tex 2014/12/03 v2.7a key=value parser (HA)
))
(c:/texlive/2024/texmf-dist/tex/latex/base/textcomp.sty
Package: textcomp 2024/04/24 v2.1b Standard LaTeX package
)

Package fontspec Info: 
(fontspec)             GaramondLibre-Regular scale = 1.


Package fontspec Info: 
(fontspec)             GaramondLibre-Regular scale = 1.


Package fontspec Info: 
(fontspec)             GaramondLibre-Regular scale = 1.


Package fontspec Info: 
(fontspec)             GaramondLibre-Bold scale = 1.


Package fontspec Info: 
(fontspec)             GaramondLibre-Bold scale = 1.


Package fontspec Info: 
(fontspec)             GaramondLibre-Italic scale = 1.


Package fontspec Info: 
(fontspec)             GaramondLibre-Italic scale = 1.


Package fontspec Info: 
(fontspec)             GaramondLibre-BoldItalic scale = 1.


Package fontspec Info: 
(fontspec)             GaramondLibre-BoldItalic scale = 1.


Package fontspec Info: 
(fontspec)             Font family 'GaramondLibre(0)' created for font
(fontspec)             'GaramondLibre' with options [Ligatures = TeX,Scale =
(fontspec)             1,Extension = .otf,Ligatures=TeX,Numbers =
(fontspec)             {Lining},UprightFont = *-Regular,ItalicFont =
(fontspec)             *-Italic,BoldFont = *-Bold,BoldItalicFont =
(fontspec)             *-BoldItalic].
(fontspec)              
(fontspec)              This font family consists of the following NFSS
(fontspec)             series/shapes:
(fontspec)              
(fontspec)             - 'normal' (m/n) with NFSS spec.:
(fontspec)             <->s*[1]"[GaramondLibre-Regular.otf]:mode=node;script=la
tn;language=dflt;+tlig;+lnum;"
(fontspec)             - 'small caps'  (m/sc) with NFSS spec.:
(fontspec)             <->s*[1]"[GaramondLibre-Regular.otf]:mode=node;script=la
tn;language=dflt;+tlig;+lnum;+smcp;"
(fontspec)             - 'bold' (b/n) with NFSS spec.:
(fontspec)             <->s*[1]"[GaramondLibre-Bold.otf]:mode=node;script=latn;
language=dflt;+tlig;+lnum;"
(fontspec)             - 'bold small caps'  (b/sc) with NFSS spec.:
(fontspec)             <->s*[1]"[GaramondLibre-Bold.otf]:mode=node;script=latn;
language=dflt;+tlig;+lnum;+smcp;"
(fontspec)             - 'italic' (m/it) with NFSS spec.:
(fontspec)             <->s*[1]"[GaramondLibre-Italic.otf]:mode=node;script=lat
n;language=dflt;+tlig;+lnum;"
(fontspec)             - 'italic small caps'  (m/scit) with NFSS spec.:
(fontspec)             <->s*[1]"[GaramondLibre-Italic.otf]:mode=node;script=lat
n;language=dflt;+tlig;+lnum;+smcp;"
(fontspec)             - 'bold italic' (b/it) with NFSS spec.:
(fontspec)             <->s*[1]"[GaramondLibre-BoldItalic.otf]:mode=node;script
=latn;language=dflt;+tlig;+lnum;"
(fontspec)             - 'bold italic small caps'  (b/scit) with NFSS spec.:
(fontspec)             <->s*[1]"[GaramondLibre-BoldItalic.otf]:mode=node;script
=latn;language=dflt;+tlig;+lnum;+smcp;"

LaTeX Font Info:    Font shape `TU/GaramondLibre(0)/m/n' will be
(Font)              scaled to size 10.0pt on input line 70.
LaTeX Info: Redefining \textsw on input line 74.
LaTeX Info: Redefining \oldstylenums on input line 79.
LaTeX Info: Redefining \liningnums on input line 80.
)
(c:/texlive/2024/texmf-dist/tex/latex/amsmath/amsmath.sty
Package: amsmath 2024/05/23 v2.17q AMS math features
\@mathmargin=\skip193

For additional information on amsmath, use the `?' option.
(c:/texlive/2024/texmf-dist/tex/latex/amsmath/amstext.sty
Package: amstext 2021/08/26 v2.01 AMS text

(c:/texlive/2024/texmf-dist/tex/latex/amsmath/amsgen.sty
File: amsgen.sty 1999/11/30 v2.0 generic functions
\@emptytoks=\toks31
\ex@=\dimen190
))
(c:/texlive/2024/texmf-dist/tex/latex/amsmath/amsbsy.sty
Package: amsbsy 1999/11/29 v1.2d Bold Symbols
\pmbraise@=\dimen191
)
(c:/texlive/2024/texmf-dist/tex/latex/amsmath/amsopn.sty
Package: amsopn 2022/04/08 v2.04 operator names
)
\inf@bad=\count336
LaTeX Info: Redefining \frac on input line 235.
\uproot@=\count337
\leftroot@=\count338
LaTeX Info: Redefining \overline on input line 398.
LaTeX Info: Redefining \colon on input line 409.
\classnum@=\count339
\DOTSCASE@=\count340
LaTeX Info: Redefining \ldots on input line 495.
LaTeX Info: Redefining \dots on input line 498.
LaTeX Info: Redefining \cdots on input line 619.
\Mathstrutbox@=\box59
\strutbox@=\box60
LaTeX Info: Redefining \big on input line 721.
LaTeX Info: Redefining \Big on input line 722.
LaTeX Info: Redefining \bigg on input line 723.
LaTeX Info: Redefining \Bigg on input line 724.
\big@size=\dimen192
LaTeX Font Info:    Redeclaring font encoding OML on input line 742.
LaTeX Font Info:    Redeclaring font encoding OMS on input line 743.
\macc@depth=\count341
LaTeX Info: Redefining \bmod on input line 904.
LaTeX Info: Redefining \pmod on input line 909.
LaTeX Info: Redefining \smash on input line 939.
LaTeX Info: Redefining \relbar on input line 969.
LaTeX Info: Redefining \Relbar on input line 970.
\c@MaxMatrixCols=\count342
\dotsspace@=\muskip17
\c@parentequation=\count343
\dspbrk@lvl=\count344
\tag@help=\toks32
\row@=\count345
\column@=\count346
\maxfields@=\count347
\andhelp@=\toks33
\eqnshift@=\dimen193
\alignsep@=\dimen194
\tagshift@=\dimen195
\tagwidth@=\dimen196
\totwidth@=\dimen197
\lineht@=\dimen198
\@envbody=\toks34
\multlinegap=\skip194
\multlinetaggap=\skip195
\mathdisplay@stack=\toks35
LaTeX Info: Redefining \[ on input line 2953.
LaTeX Info: Redefining \] on input line 2954.
)
(c:/texlive/2024/texmf-dist/tex/latex/amsfonts/amssymb.sty
Package: amssymb 2013/01/14 v3.01 AMS font symbols

(c:/texlive/2024/texmf-dist/tex/latex/amsfonts/amsfonts.sty
Package: amsfonts 2013/01/14 v3.01 Basic AMSFonts support
\symAMSa=\mathgroup4
\symAMSb=\mathgroup5
LaTeX Font Info:    Redeclaring math symbol \hbar on input line 98.
LaTeX Font Info:    Overwriting math alphabet `\mathfrak' in version `bold'
(Font)                  U/euf/m/n --> U/euf/b/n on input line 106.
))
(c:/texlive/2024/texmf-dist/tex/latex/mathtools/mathtools.sty
Package: mathtools 2024/03/11 v1.30 mathematical typesetting tools

(c:/texlive/2024/texmf-dist/tex/latex/tools/calc.sty
Package: calc 2023/07/08 v4.3 Infix arithmetic (KKT,FJ)
\calc@Acount=\count348
\calc@Bcount=\count349
\calc@Adimen=\dimen199
\calc@Bdimen=\dimen256
\calc@Askip=\skip196
\calc@Bskip=\skip197
LaTeX Info: Redefining \setlength on input line 80.
LaTeX Info: Redefining \addtolength on input line 81.
\calc@Ccount=\count350
\calc@Cskip=\skip198
)
(c:/texlive/2024/texmf-dist/tex/latex/mathtools/mhsetup.sty
Package: mhsetup 2021/03/18 v1.4 programming setup (MH)
)
\g_MT_multlinerow_int=\count351
\l_MT_multwidth_dim=\dimen257
\origjot=\skip199
\l_MT_shortvdotswithinadjustabove_dim=\dimen258
\l_MT_shortvdotswithinadjustbelow_dim=\dimen259
\l_MT_above_intertext_sep=\dimen260
\l_MT_below_intertext_sep=\dimen261
\l_MT_above_shortintertext_sep=\dimen262
\l_MT_below_shortintertext_sep=\dimen263
\xmathstrut@box=\box61
\xmathstrut@dim=\dimen264
)
(c:/texlive/2024/texmf-dist/tex/latex/ragged2e/ragged2e.sty
Package: ragged2e 2023/06/22 v3.6 ragged2e Package
\CenteringLeftskip=\skip256
\RaggedLeftLeftskip=\skip257
\RaggedRightLeftskip=\skip258
\CenteringRightskip=\skip259
\RaggedLeftRightskip=\skip260
\RaggedRightRightskip=\skip261
\CenteringParfillskip=\skip262
\RaggedLeftParfillskip=\skip263
\RaggedRightParfillskip=\skip264
\JustifyingParfillskip=\skip265
\CenteringParindent=\skip266
\RaggedLeftParindent=\skip267
\RaggedRightParindent=\skip268
\JustifyingParindent=\skip269
)
(c:/texlive/2024/texmf-dist/tex/latex/pgf/frontendlayer/tikz.sty
(c:/texlive/2024/texmf-dist/tex/latex/pgf/basiclayer/pgf.sty
(c:/texlive/2024/texmf-dist/tex/latex/pgf/utilities/pgfrcs.sty
(c:/texlive/2024/texmf-dist/tex/generic/pgf/utilities/pgfutil-common.tex
\pgfutil@everybye=\toks36
\pgfutil@tempdima=\dimen265
\pgfutil@tempdimb=\dimen266
)
(c:/texlive/2024/texmf-dist/tex/generic/pgf/utilities/pgfutil-latex.def
\pgfutil@abb=\box62
)
(c:/texlive/2024/texmf-dist/tex/generic/pgf/utilities/pgfrcs.code.tex
(c:/texlive/2024/texmf-dist/tex/generic/pgf/pgf.revision.tex)
Package: pgfrcs 2023-01-15 v3.1.10 (3.1.10)
))
Package: pgf 2023-01-15 v3.1.10 (3.1.10)

(c:/texlive/2024/texmf-dist/tex/latex/pgf/basiclayer/pgfcore.sty
(c:/texlive/2024/texmf-dist/tex/latex/graphics/graphicx.sty
Package: graphicx 2021/09/16 v1.2d Enhanced LaTeX Graphics (DPC,SPQR)

(c:/texlive/2024/texmf-dist/tex/latex/graphics/graphics.sty
Package: graphics 2024/05/23 v1.4g Standard LaTeX Graphics (DPC,SPQR)

(c:/texlive/2024/texmf-dist/tex/latex/graphics/trig.sty
Package: trig 2023/12/02 v1.11 sin cos tan (DPC)
)
(c:/texlive/2024/texmf-dist/tex/latex/graphics-cfg/graphics.cfg
File: graphics.cfg 2016/06/04 v1.11 sample graphics configuration
)
Package graphics Info: Driver file: luatex.def on input line 106.

(c:/texlive/2024/texmf-dist/tex/latex/graphics-def/luatex.def
File: luatex.def 2024/04/13 v1.2e Graphics/color driver for luatex
))
\Gin@req@height=\dimen267
\Gin@req@width=\dimen268
)
(c:/texlive/2024/texmf-dist/tex/latex/pgf/systemlayer/pgfsys.sty
(c:/texlive/2024/texmf-dist/tex/generic/pgf/systemlayer/pgfsys.code.tex
Package: pgfsys 2023-01-15 v3.1.10 (3.1.10)

(c:/texlive/2024/texmf-dist/tex/generic/pgf/utilities/pgfkeys.code.tex
\pgfkeys@pathtoks=\toks37
\pgfkeys@temptoks=\toks38

(c:/texlive/2024/texmf-dist/tex/generic/pgf/utilities/pgfkeyslibraryfiltered.co
de.tex
\pgfkeys@tmptoks=\toks39
))
\pgf@x=\dimen269
\pgf@y=\dimen270
\pgf@xa=\dimen271
\pgf@ya=\dimen272
\pgf@xb=\dimen273
\pgf@yb=\dimen274
\pgf@xc=\dimen275
\pgf@yc=\dimen276
\pgf@xd=\dimen277
\pgf@yd=\dimen278
\w@pgf@writea=\write4
\r@pgf@reada=\read4
\c@pgf@counta=\count352
\c@pgf@countb=\count353
\c@pgf@countc=\count354
\c@pgf@countd=\count355
\t@pgf@toka=\toks40
\t@pgf@tokb=\toks41
\t@pgf@tokc=\toks42
\pgf@sys@id@count=\count356
 (c:/texlive/2024/texmf-dist/tex/generic/pgf/systemlayer/pgf.cfg
File: pgf.cfg 2023-01-15 v3.1.10 (3.1.10)
)
Driver file for pgf: pgfsys-luatex.def

(c:/texlive/2024/texmf-dist/tex/generic/pgf/systemlayer/pgfsys-luatex.def
File: pgfsys-luatex.def 2023-01-15 v3.1.10 (3.1.10)

(c:/texlive/2024/texmf-dist/tex/generic/pgf/systemlayer/pgfsys-common-pdf.def
File: pgfsys-common-pdf.def 2023-01-15 v3.1.10 (3.1.10)
)))
(c:/texlive/2024/texmf-dist/tex/generic/pgf/systemlayer/pgfsyssoftpath.code.tex
File: pgfsyssoftpath.code.tex 2023-01-15 v3.1.10 (3.1.10)
\pgfsyssoftpath@smallbuffer@items=\count357
\pgfsyssoftpath@bigbuffer@items=\count358
)
(c:/texlive/2024/texmf-dist/tex/generic/pgf/systemlayer/pgfsysprotocol.code.tex
File: pgfsysprotocol.code.tex 2023-01-15 v3.1.10 (3.1.10)
)) (c:/texlive/2024/texmf-dist/tex/latex/xcolor/xcolor.sty
Package: xcolor 2023/11/15 v3.01 LaTeX color extensions (UK)

(c:/texlive/2024/texmf-dist/tex/latex/graphics-cfg/color.cfg
File: color.cfg 2016/01/02 v1.6 sample color configuration
)
Package xcolor Info: Driver file: luatex.def on input line 274.

(c:/texlive/2024/texmf-dist/tex/latex/graphics/mathcolor.ltx)
Package xcolor Info: Model `cmy' substituted by `cmy0' on input line 1350.
Package xcolor Info: Model `hsb' substituted by `rgb' on input line 1354.
Package xcolor Info: Model `RGB' extended on input line 1366.
Package xcolor Info: Model `HTML' substituted by `rgb' on input line 1368.
Package xcolor Info: Model `Hsb' substituted by `hsb' on input line 1369.
Package xcolor Info: Model `tHsb' substituted by `hsb' on input line 1370.
Package xcolor Info: Model `HSB' substituted by `hsb' on input line 1371.
Package xcolor Info: Model `Gray' substituted by `gray' on input line 1372.
Package xcolor Info: Model `wave' substituted by `hsb' on input line 1373.
)
(c:/texlive/2024/texmf-dist/tex/generic/pgf/basiclayer/pgfcore.code.tex
Package: pgfcore 2023-01-15 v3.1.10 (3.1.10)

(c:/texlive/2024/texmf-dist/tex/generic/pgf/math/pgfmath.code.tex
(c:/texlive/2024/texmf-dist/tex/generic/pgf/math/pgfmathutil.code.tex)
(c:/texlive/2024/texmf-dist/tex/generic/pgf/math/pgfmathparser.code.tex
\pgfmath@dimen=\dimen279
\pgfmath@count=\count359
\pgfmath@box=\box63
\pgfmath@toks=\toks43
\pgfmath@stack@operand=\toks44
\pgfmath@stack@operation=\toks45
)
(c:/texlive/2024/texmf-dist/tex/generic/pgf/math/pgfmathfunctions.code.tex)
(c:/texlive/2024/texmf-dist/tex/generic/pgf/math/pgfmathfunctions.basic.code.te
x)
(c:/texlive/2024/texmf-dist/tex/generic/pgf/math/pgfmathfunctions.trigonometric
.code.tex)
(c:/texlive/2024/texmf-dist/tex/generic/pgf/math/pgfmathfunctions.random.code.t
ex)
(c:/texlive/2024/texmf-dist/tex/generic/pgf/math/pgfmathfunctions.comparison.co
de.tex)
(c:/texlive/2024/texmf-dist/tex/generic/pgf/math/pgfmathfunctions.base.code.tex
)
(c:/texlive/2024/texmf-dist/tex/generic/pgf/math/pgfmathfunctions.round.code.te
x)
(c:/texlive/2024/texmf-dist/tex/generic/pgf/math/pgfmathfunctions.misc.code.tex
)
(c:/texlive/2024/texmf-dist/tex/generic/pgf/math/pgfmathfunctions.integerarithm
etics.code.tex)
(c:/texlive/2024/texmf-dist/tex/generic/pgf/math/pgfmathcalc.code.tex)
(c:/texlive/2024/texmf-dist/tex/generic/pgf/math/pgfmathfloat.code.tex
\c@pgfmathroundto@lastzeros=\count360
))
(c:/texlive/2024/texmf-dist/tex/generic/pgf/math/pgfint.code.tex)
(c:/texlive/2024/texmf-dist/tex/generic/pgf/basiclayer/pgfcorepoints.code.tex
File: pgfcorepoints.code.tex 2023-01-15 v3.1.10 (3.1.10)
\pgf@picminx=\dimen280
\pgf@picmaxx=\dimen281
\pgf@picminy=\dimen282
\pgf@picmaxy=\dimen283
\pgf@pathminx=\dimen284
\pgf@pathmaxx=\dimen285
\pgf@pathminy=\dimen286
\pgf@pathmaxy=\dimen287
\pgf@xx=\dimen288
\pgf@xy=\dimen289
\pgf@yx=\dimen290
\pgf@yy=\dimen291
\pgf@zx=\dimen292
\pgf@zy=\dimen293
)
(c:/texlive/2024/texmf-dist/tex/generic/pgf/basiclayer/pgfcorepathconstruct.cod
e.tex
File: pgfcorepathconstruct.code.tex 2023-01-15 v3.1.10 (3.1.10)
\pgf@path@lastx=\dimen294
\pgf@path@lasty=\dimen295
)
(c:/texlive/2024/texmf-dist/tex/generic/pgf/basiclayer/pgfcorepathusage.code.te
x
File: pgfcorepathusage.code.tex 2023-01-15 v3.1.10 (3.1.10)
\pgf@shorten@end@additional=\dimen296
\pgf@shorten@start@additional=\dimen297
)
(c:/texlive/2024/texmf-dist/tex/generic/pgf/basiclayer/pgfcorescopes.code.tex
File: pgfcorescopes.code.tex 2023-01-15 v3.1.10 (3.1.10)
\pgfpic=\box64
\pgf@hbox=\box65
\pgf@layerbox@main=\box66
\pgf@picture@serial@count=\count361
)
(c:/texlive/2024/texmf-dist/tex/generic/pgf/basiclayer/pgfcoregraphicstate.code
.tex
File: pgfcoregraphicstate.code.tex 2023-01-15 v3.1.10 (3.1.10)
\pgflinewidth=\dimen298
)
(c:/texlive/2024/texmf-dist/tex/generic/pgf/basiclayer/pgfcoretransformations.c
ode.tex
File: pgfcoretransformations.code.tex 2023-01-15 v3.1.10 (3.1.10)
\pgf@pt@x=\dimen299
\pgf@pt@y=\dimen300
\pgf@pt@temp=\dimen301
)
(c:/texlive/2024/texmf-dist/tex/generic/pgf/basiclayer/pgfcorequick.code.tex
File: pgfcorequick.code.tex 2023-01-15 v3.1.10 (3.1.10)
)
(c:/texlive/2024/texmf-dist/tex/generic/pgf/basiclayer/pgfcoreobjects.code.tex
File: pgfcoreobjects.code.tex 2023-01-15 v3.1.10 (3.1.10)
)
(c:/texlive/2024/texmf-dist/tex/generic/pgf/basiclayer/pgfcorepathprocessing.co
de.tex
File: pgfcorepathprocessing.code.tex 2023-01-15 v3.1.10 (3.1.10)
)
(c:/texlive/2024/texmf-dist/tex/generic/pgf/basiclayer/pgfcorearrows.code.tex
File: pgfcorearrows.code.tex 2023-01-15 v3.1.10 (3.1.10)
\pgfarrowsep=\dimen302
)
(c:/texlive/2024/texmf-dist/tex/generic/pgf/basiclayer/pgfcoreshade.code.tex
File: pgfcoreshade.code.tex 2023-01-15 v3.1.10 (3.1.10)
\pgf@max=\dimen303
\pgf@sys@shading@range@num=\count362
\pgf@shadingcount=\count363
)
(c:/texlive/2024/texmf-dist/tex/generic/pgf/basiclayer/pgfcoreimage.code.tex
File: pgfcoreimage.code.tex 2023-01-15 v3.1.10 (3.1.10)
)
(c:/texlive/2024/texmf-dist/tex/generic/pgf/basiclayer/pgfcoreexternal.code.tex
File: pgfcoreexternal.code.tex 2023-01-15 v3.1.10 (3.1.10)
\pgfexternal@startupbox=\box67
) (c:/texlive/2024/texmf-dist/tex/generic/pgf/basiclayer/pgfcorelayers.code.tex
File: pgfcorelayers.code.tex 2023-01-15 v3.1.10 (3.1.10)
)
(c:/texlive/2024/texmf-dist/tex/generic/pgf/basiclayer/pgfcoretransparency.code
.tex
File: pgfcoretransparency.code.tex 2023-01-15 v3.1.10 (3.1.10)
)
(c:/texlive/2024/texmf-dist/tex/generic/pgf/basiclayer/pgfcorepatterns.code.tex
File: pgfcorepatterns.code.tex 2023-01-15 v3.1.10 (3.1.10)
) (c:/texlive/2024/texmf-dist/tex/generic/pgf/basiclayer/pgfcorerdf.code.tex
File: pgfcorerdf.code.tex 2023-01-15 v3.1.10 (3.1.10)
))) (c:/texlive/2024/texmf-dist/tex/generic/pgf/modules/pgfmoduleshapes.code.te
x
File: pgfmoduleshapes.code.tex 2023-01-15 v3.1.10 (3.1.10)
\pgfnodeparttextbox=\box68
)
(c:/texlive/2024/texmf-dist/tex/generic/pgf/modules/pgfmoduleplot.code.tex
File: pgfmoduleplot.code.tex 2023-01-15 v3.1.10 (3.1.10)
)
(c:/texlive/2024/texmf-dist/tex/latex/pgf/compatibility/pgfcomp-version-0-65.st
y
Package: pgfcomp-version-0-65 2023-01-15 v3.1.10 (3.1.10)
\pgf@nodesepstart=\dimen304
\pgf@nodesepend=\dimen305
)
(c:/texlive/2024/texmf-dist/tex/latex/pgf/compatibility/pgfcomp-version-1-18.st
y
Package: pgfcomp-version-1-18 2023-01-15 v3.1.10 (3.1.10)
)) (c:/texlive/2024/texmf-dist/tex/latex/pgf/utilities/pgffor.sty
(c:/texlive/2024/texmf-dist/tex/latex/pgf/utilities/pgfkeys.sty
(c:/texlive/2024/texmf-dist/tex/generic/pgf/utilities/pgfkeys.code.tex))
(c:/texlive/2024/texmf-dist/tex/latex/pgf/math/pgfmath.sty
(c:/texlive/2024/texmf-dist/tex/generic/pgf/math/pgfmath.code.tex))
(c:/texlive/2024/texmf-dist/tex/generic/pgf/utilities/pgffor.code.tex
Package: pgffor 2023-01-15 v3.1.10 (3.1.10)
\pgffor@iter=\dimen306
\pgffor@skip=\dimen307
\pgffor@stack=\toks46
\pgffor@toks=\toks47
))
(c:/texlive/2024/texmf-dist/tex/generic/pgf/frontendlayer/tikz/tikz.code.tex
Package: tikz 2023-01-15 v3.1.10 (3.1.10)

(c:/texlive/2024/texmf-dist/tex/generic/pgf/libraries/pgflibraryplothandlers.co
de.tex
File: pgflibraryplothandlers.code.tex 2023-01-15 v3.1.10 (3.1.10)
\pgf@plot@mark@count=\count364
\pgfplotmarksize=\dimen308
)
\tikz@lastx=\dimen309
\tikz@lasty=\dimen310
\tikz@lastxsaved=\dimen311
\tikz@lastysaved=\dimen312
\tikz@lastmovetox=\dimen313
\tikz@lastmovetoy=\dimen314
\tikzleveldistance=\dimen315
\tikzsiblingdistance=\dimen316
\tikz@figbox=\box69
\tikz@figbox@bg=\box70
\tikz@tempbox=\box71
\tikz@tempbox@bg=\box72
\tikztreelevel=\count365
\tikznumberofchildren=\count366
\tikznumberofcurrentchild=\count367
\tikz@fig@count=\count368

(c:/texlive/2024/texmf-dist/tex/generic/pgf/modules/pgfmodulematrix.code.tex
File: pgfmodulematrix.code.tex 2023-01-15 v3.1.10 (3.1.10)
\pgfmatrixcurrentrow=\count369
\pgfmatrixcurrentcolumn=\count370
\pgf@matrix@numberofcolumns=\count371
)
\tikz@expandcount=\count372

(c:/texlive/2024/texmf-dist/tex/generic/pgf/frontendlayer/tikz/libraries/tikzli
brarytopaths.code.tex
File: tikzlibrarytopaths.code.tex 2023-01-15 v3.1.10 (3.1.10)
))) (c:/texlive/2024/texmf-dist/tex/latex/svg/svg.sty
Package: svg 2020/11/26 v2.02k (include SVG pictures)

(c:/texlive/2024/texmf-dist/tex/latex/koma-script/scrbase.sty
Package: scrbase 2023/07/07 v3.41 KOMA-Script package (KOMA-Script-independent 
basics and keyval usage)

(c:/texlive/2024/texmf-dist/tex/latex/koma-script/scrlfile.sty
Package: scrlfile 2023/07/07 v3.41 KOMA-Script package (file load hooks)

(c:/texlive/2024/texmf-dist/tex/latex/koma-script/scrlfile-hook.sty
Package: scrlfile-hook 2023/07/07 v3.41 KOMA-Script package (using LaTeX hooks)


(c:/texlive/2024/texmf-dist/tex/latex/koma-script/scrlogo.sty
Package: scrlogo 2023/07/07 v3.41 KOMA-Script package (logo)
)))
Applying: [2021/05/01] Usage of raw or classic option list on input line 252.
Already applied: [0000/00/00] Usage of raw or classic option list on input line
 368.
)
(c:/texlive/2024/texmf-dist/tex/generic/pdftexcmds/pdftexcmds.sty
Package: pdftexcmds 2020-06-27 v0.33 Utility functions of pdfTeX for LuaTeX (HO
)
Package pdftexcmds Info: \pdf@primitive is available.
Package pdftexcmds Info: \pdf@ifprimitive is available.
Package pdftexcmds Info: \pdfdraftmode found.
\pdftexcmds@toks=\toks48
)
(c:/texlive/2024/texmf-dist/tex/latex/trimspaces/trimspaces.sty
Package: trimspaces 2009/09/17 v1.1 Trim spaces around a token list
)
(c:/texlive/2024/texmf-dist/tex/latex/tools/shellesc.sty
Package: shellesc 2023/07/08 v1.0d unified shell escape interface for LaTeX
Package shellesc Info: Restricted shell escape enabled on input line 77.
)
\c@svg@param@lastpage=\count373
\svg@box=\box73
\c@svg@param@currpage=\count374
)
(c:/texlive/2024/texmf-dist/tex/latex/transparent/transparent.sty
Package: transparent 2022-10-27 v1.5 Transparency with color stacks

(c:/texlive/2024/texmf-dist/tex/latex/transparent/transparent-nometadata.sty
Package: transparent-nometadata 2022-10-27 v1.5 Transparency via pdfTeX's color
 stack (HO)

(c:/texlive/2024/texmf-dist/tex/latex/auxhook/auxhook.sty
Package: auxhook 2019-12-17 v1.6 Hooks for auxiliary files (HO)
)))

******************************************************
Stock height and width: 597.50787pt by 421.10078pt
Top and edge trims: 0pt and 0pt
Page height and width: 597.50787pt by 421.10078pt
Text height and width: 478pt by 341pt
Spine and edge margins: 28.45274pt and 51.21495pt
Upper and lower margins: 62.59605pt and 56.91182pt
Headheight and headsep: 12pt and 31.26317pt
Footskip: 25.29494pt
Columnsep and columnseprule: 10pt and 0pt
Marginparsep and marginparwidth: 7pt and 37.21495pt
Sidecapsep and sidecapwidth: 7pt and 51pt
Sidebarhsep and sidebarwidth: 7pt and 51pt
Sidebarvsep and sidebartopsep: 12pt and 0pt
Sidebarheight: 344.39996pt
Sidefoothsep and sidefootwidth: 7pt and 51pt
Sidefootvsep and sidefootheight: 12pt and 344.39996pt
******************************************************

(c:/texlive/2024/texmf-dist/tex/latex/eso-pic/showframe.sty
Package: showframe 2020/10/14 v0.1j showframe (new impl., RN)

(c:/texlive/2024/texmf-dist/tex/latex/eso-pic/eso-pic.sty
Package: eso-pic 2023/05/03 v3.0c eso-pic (RN)
\ESO@tempdima=\dimen317
\ESO@tempdimb=\dimen318
)
\SF@tempdima=\dimen319
)
(c:/texlive/2024/texmf-dist/tex/latex/framed/framed.sty
Package: framed 2011/10/22 v 0.96: framed or shaded text with page breaks
\OuterFrameSep=\skip270
\fb@frw=\dimen320
\fb@frh=\dimen321
)
(c:/texlive/2024/texmf-dist/tex/latex/lipsum/lipsum.sty
(c:/texlive/2024/texmf-dist/tex/latex/l3packages/l3keys2e/l3keys2e.sty
Package: l3keys2e 2024-08-16 LaTeX2e option processing using LaTeX3 keys
)
Package: lipsum 2021-09-20 v2.7 150 paragraphs of Lorem Ipsum dummy text
\g__lipsum_par_int=\count375
\l__lipsum_a_int=\count376
\l__lipsum_b_int=\count377

(c:/texlive/2024/texmf-dist/tex/latex/lipsum/lipsum.ltd.tex))
(c:/texlive/2024/texmf-dist/tex/latex/stackengine/stackengine.sty
Package: stackengine 2021/07/22 v4.11\ Stacking text and objects in convenient 
ways

(c:/texlive/2024/texmf-dist/tex/generic/listofitems/listofitems.sty
(c:/texlive/2024/texmf-dist/tex/generic/listofitems/listofitems.tex
\loi_cnt_foreach_nest=\count378
\loi_nestcnt=\count379
)
Package: listofitems 2024/03/09 v1.65 Grab items in lists using user-specified 
sep char (CT)
)
\c@@stackindex=\count380
\@boxshift=\skip271
\stack@tmplength=\skip272
\temp@stkl=\skip273
\@stackedboxwidth=\skip274
\@addedbox=\box74
\@anchorbox=\box75
\@insetbox=\box76
\se@backgroundbox=\box77
\stackedbox=\box78
\@centerbox=\box79
\c@ROWcellindex@=\count381
)

LaTeX Info: File `Zallman.sty' already exists on the system.
            Not generating it from this source.

(c:/texlive/2024/texmf-dist/tex/latex/enumitem/enumitem.sty
Package: enumitem 2019/06/20 v3.9 Customized lists
\labelindent=\skip275
\enit@outerparindent=\dimen322
\enit@toks=\toks49
\enit@inbox=\box80
\enit@count@id=\count382
\enitdp@description=\count383
)
(c:/texlive/2024/texmf-dist/tex/latex/cfr-initials/Zallman.sty
Package: Zallman 2007/11/24 v1.01 Zallman CFR

(c:/texlive/2024/texmf-dist/tex/latex/initials/Zallman.fd
File: Zallman.fd 2003/04/02 Font definition file for U/Zallman
))
(c:/texlive/2024/texmf-dist/tex/latex/cfr-initials/Acorn.sty
Package: Acorn 2007/11/24 v1.01 Acorn CFR

(c:/texlive/2024/texmf-dist/tex/latex/initials/Acorn.fd
File: Acorn.fd 2003/04/02 Font definition file for U/Acorn
))
(c:/texlive/2024/texmf-dist/tex/latex/cfr-initials/GoudyIn.sty
Package: GoudyIn 2007/11/24 v1.01 GoudyIn CFR

(c:/texlive/2024/texmf-dist/tex/latex/initials/GoudyIn.fd
File: GoudyIn.fd 2003/04/02 Font definition file for U/GoudyIn
))
(c:/texlive/2024/texmf-dist/tex/latex/lettrine/lettrine.sty
File: lettrine.sty 2024-06-26 v2.61 (Daniel Flipo)

(c:/texlive/2024/texmf-dist/tex/latex/l3packages/xfp/xfp.sty
Package: xfp 2024-08-16 L3 Floating point unit
)
\c@DefaultLines=\count384
\c@DefaultDepth=\count385
\DefaultFindent=\dimen323
\DefaultNindent=\dimen324
\DefaultSlope=\dimen325
\DiscardVskip=\dimen326
\L@lettrine=\box81
\L@lbox=\box82
\L@tbox=\box83
\c@L@lines=\count386
\c@L@depth=\count387
\L@Pindent=\dimen327
\L@Findent=\dimen328
\L@Nindent=\dimen329
\L@lraise=\dimen330
\L@first=\dimen331
\L@next=\dimen332
\L@slope=\dimen333
\L@height=\dimen334
\L@novskip=\dimen335
\L@ruleht=\dimen336
\L@target@ht=\dimen337
\L@target@dp=\dimen338
\L@target@tht=\dimen339
\LettrineWidth=\dimen340
\LettrineHeight=\dimen341
\LettrineDepth=\dimen342

Loading lettrine.cfg
(c:/texlive/2024/texmf-dist/tex/latex/lettrine/lettrine.cfg)
\Llist@everypar=\toks50
)
(c:/texlive/2024/texmf-dist/tex/latex/greek-fontenc/textalpha.sty
Package: textalpha 2023-09-12 2.5 macros for Greek letters in text

(c:/texlive/2024/texmf-dist/tex/latex/greek-fontenc/tuenc-greek.def
File: tuenc-greek.def 2023-09-12 2.5 Greek LICRs for XeTeX and LuaTeX

(c:/texlive/2024/texmf-dist/tex/latex/greek-fontenc/greek-fontenc.def
File: greek-fontenc.def 2023-09-12 2.5 Common Greek font encoding definitions
)))
\myheight=\skip276
\mydepth=\skip277

(c:/texlive/2024/texmf-dist/tex/latex/tools/afterpage.sty
Package: afterpage 2023/07/04 v1.08 After-Page Package (DPC)
\AP@output=\toks51
\AP@partial=\box84
\AP@footins=\box85
))
("./L’impero del silenzio.aux")
\openout1 = L’impero del silenzio.aux

LaTeX Font Info:    Checking defaults for OML/cmm/m/it on input line 3.
LaTeX Font Info:    ... okay on input line 3.
LaTeX Font Info:    Checking defaults for OMS/cmsy/m/n on input line 3.
LaTeX Font Info:    ... okay on input line 3.
LaTeX Font Info:    Checking defaults for OT1/cmr/m/n on input line 3.
LaTeX Font Info:    ... okay on input line 3.
LaTeX Font Info:    Checking defaults for T1/cmr/m/n on input line 3.
LaTeX Font Info:    ... okay on input line 3.
LaTeX Font Info:    Checking defaults for TS1/cmr/m/n on input line 3.
LaTeX Font Info:    Trying to load font information for TS1+cmr on input line 3
.

(c:/texlive/2024/texmf-dist/tex/latex/base/ts1cmr.fd
File: ts1cmr.fd 2023/04/13 v2.5m Standard LaTeX font definitions
)
LaTeX Font Info:    ... okay on input line 3.
LaTeX Font Info:    Checking defaults for TU/lmr/m/n on input line 3.
LaTeX Font Info:    ... okay on input line 3.
LaTeX Font Info:    Checking defaults for OMX/cmex/m/n on input line 3.
LaTeX Font Info:    ... okay on input line 3.
LaTeX Font Info:    Checking defaults for U/cmr/m/n on input line 3.
LaTeX Font Info:    ... okay on input line 3.

Package fontspec Info: 
(fontspec)             Adjusting the maths setup (use [no-math] to avoid
(fontspec)             this).

\symlegacymaths=\mathgroup6
LaTeX Font Info:    Overwriting symbol font `legacymaths' in version `bold'
(Font)                  OT1/cmr/m/n --> OT1/cmr/bx/n on input line 3.
LaTeX Font Info:    Redeclaring math accent \acute on input line 3.
LaTeX Font Info:    Redeclaring math accent \grave on input line 3.
LaTeX Font Info:    Redeclaring math accent \ddot on input line 3.
LaTeX Font Info:    Redeclaring math accent \tilde on input line 3.
LaTeX Font Info:    Redeclaring math accent \bar on input line 3.
LaTeX Font Info:    Redeclaring math accent \breve on input line 3.
LaTeX Font Info:    Redeclaring math accent \check on input line 3.
LaTeX Font Info:    Redeclaring math accent \hat on input line 3.
LaTeX Font Info:    Redeclaring math accent \dot on input line 3.
LaTeX Font Info:    Redeclaring math accent \mathring on input line 3.
LaTeX Font Info:    Redeclaring math symbol \Gamma on input line 3.
LaTeX Font Info:    Redeclaring math symbol \Delta on input line 3.
LaTeX Font Info:    Redeclaring math symbol \Theta on input line 3.
LaTeX Font Info:    Redeclaring math symbol \Lambda on input line 3.
LaTeX Font Info:    Redeclaring math symbol \Xi on input line 3.
LaTeX Font Info:    Redeclaring math symbol \Pi on input line 3.
LaTeX Font Info:    Redeclaring math symbol \Sigma on input line 3.
LaTeX Font Info:    Redeclaring math symbol \Upsilon on input line 3.
LaTeX Font Info:    Redeclaring math symbol \Phi on input line 3.
LaTeX Font Info:    Redeclaring math symbol \Psi on input line 3.
LaTeX Font Info:    Redeclaring math symbol \Omega on input line 3.
LaTeX Font Info:    Redeclaring math symbol \mathdollar on input line 3.
LaTeX Font Info:    Redeclaring symbol font `operators' on input line 3.
LaTeX Font Info:    Encoding `OT1' has changed to `TU' for symbol font
(Font)              `operators' in the math version `normal' on input line 3.
LaTeX Font Info:    Overwriting symbol font `operators' in version `normal'
(Font)                  OT1/cmr/m/n --> TU/GaramondLibre(0)/m/n on input line 3
.
LaTeX Font Info:    Encoding `OT1' has changed to `TU' for symbol font
(Font)              `operators' in the math version `bold' on input line 3.
LaTeX Font Info:    Overwriting symbol font `operators' in version `bold'
(Font)                  OT1/cmr/bx/n --> TU/GaramondLibre(0)/m/n on input line 
3.
LaTeX Font Info:    Overwriting symbol font `operators' in version `normal'
(Font)                  TU/GaramondLibre(0)/m/n --> TU/GaramondLibre(0)/m/n on 
input line 3.
LaTeX Font Info:    Overwriting math alphabet `\mathit' in version `normal'
(Font)                  OT1/cmr/m/it --> TU/GaramondLibre(0)/m/it on input line
 3.
LaTeX Font Info:    Overwriting math alphabet `\mathbf' in version `normal'
(Font)                  OT1/cmr/bx/n --> TU/GaramondLibre(0)/b/n on input line 
3.
LaTeX Font Info:    Overwriting math alphabet `\mathsf' in version `normal'
(Font)                  OT1/cmss/m/n --> TU/lmss/m/n on input line 3.
LaTeX Font Info:    Overwriting math alphabet `\mathtt' in version `normal'
(Font)                  OT1/cmtt/m/n --> TU/lmtt/m/n on input line 3.
LaTeX Font Info:    Overwriting symbol font `operators' in version `bold'
(Font)                  TU/GaramondLibre(0)/m/n --> TU/GaramondLibre(0)/b/n on 
input line 3.
LaTeX Font Info:    Overwriting math alphabet `\mathit' in version `bold'
(Font)                  OT1/cmr/bx/it --> TU/GaramondLibre(0)/b/it on input lin
e 3.
LaTeX Font Info:    Overwriting math alphabet `\mathsf' in version `bold'
(Font)                  OT1/cmss/bx/n --> TU/lmss/b/n on input line 3.
LaTeX Font Info:    Overwriting math alphabet `\mathtt' in version `bold'
(Font)                  OT1/cmtt/m/n --> TU/lmtt/b/n on input line 3.
LaTeX Info: Redefining \microtypecontext on input line 3.
Package microtype Info: Applying patch `item' on input line 3.
Package microtype Info: Applying patch `toc' on input line 3.
Package microtype Info: Applying patch `eqnum' on input line 3.
Package microtype Info: Applying patch `footnote' on input line 3.
Package microtype Info: Applying patch `verbatim' on input line 3.
Package microtype Info: Generating PDF output.
Package microtype Info: Character protrusion enabled (level 2).
Package microtype Info: Using default protrusion set `alltext'.
Package microtype Info: Automatic font expansion enabled (level 2),
(microtype)             stretch: 20, shrink: 20, step: 1, non-selected.
Package microtype Info: Using default expansion set `alltext-nott'.
LaTeX Info: Redefining \showhyphens on input line 3.
Package microtype Info: No adjustment of tracking.
Package microtype Info: No adjustment of spacing.
Package microtype Info: No adjustment of kerning.
Package microtype Info: Loading generic protrusion settings for font family
(microtype)             `GaramondLibre' (encoding: TU).
(microtype)             For optimal results, create family-specific settings.
(microtype)             See the microtype manual for details.

(c:/texlive/2024/texmf-dist/tex/context/base/mkii/supp-pdf.mkii
[Loading MPS to PDF converter (version 2006.09.02).]
\scratchcounter=\count388
\scratchdimen=\dimen343
\scratchbox=\box86
\nofMPsegments=\count389
\nofMParguments=\count390
\everyMPshowfont=\toks52
\MPscratchCnt=\count391
\MPscratchDim=\dimen344
\MPnumerator=\count392
\makeMPintoPDFobject=\count393
\everyMPtoPDFconversion=\toks53
) (c:/texlive/2024/texmf-dist/tex/latex/epstopdf-pkg/epstopdf-base.sty
Package: epstopdf-base 2020-01-24 v2.11 Base part for package epstopdf
Package epstopdf-base Info: Redefining graphics rule for `.eps' on input line 4
85.

(c:/texlive/2024/texmf-dist/tex/latex/latexconfig/epstopdf-sys.cfg
File: epstopdf-sys.cfg 2010/07/13 v1.3 Configuration of (r)epstopdf for TeX Liv
e
))
(./Preambolo/preambolo.tex
LaTeX Font Info:    Font shape `TU/GaramondLibre(0)/m/sc' will be
(Font)              scaled to size 10.0pt on input line 11.
LaTeX Font Info:    Font shape `TU/GaramondLibre(0)/m/sc' will be
(Font)              scaled to size 20.74pt on input line 11.


[1


{c:/texlive/2024/texmf-var/fonts/map/pdftex/updmap/pdftex.map}]

[2

]
\drop=\skip278
LaTeX Font Info:    Font shape `TU/GaramondLibre(0)/m/n' will be
(Font)              scaled to size 20.74pt on input line 31.
LaTeX Font Info:    Font shape `TU/GaramondLibre(0)/b/n' will be
(Font)              scaled to size 20.74pt on input line 31.
LaTeX Font Info:    Font shape `TU/GaramondLibre(0)/m/n' will be
(Font)              scaled to size 10.95pt on input line 31.
LaTeX Font Info:    Font shape `TU/GaramondLibre(0)/m/sc' will be
(Font)              scaled to size 10.95pt on input line 31.
<Immagini/DiracEdizioniLogo.png, id=13, 4111.36pt x 4111.36pt>
File: Immagini/DiracEdizioniLogo.png Graphic file (type png)
<use Immagini/DiracEdizioniLogo.png>
Package luatex.def Info: Immagini/DiracEdizioniLogo.png  used on input line 31.

(luatex.def)             Requested size: 13.55058pt x 13.55058pt.


[3<./Immagini/DiracEdizioniLogo.png>]
LaTeX Font Info:    Font shape `TU/GaramondLibre(0)/m/n' will be
(Font)              scaled to size 8.0pt on input line 40.
LaTeX Font Info:    Font shape `TU/GaramondLibre(0)/m/it' will be
(Font)              scaled to size 8.0pt on input line 40.
LaTeX Font Info:    Font shape `TU/GaramondLibre(0)/m/n' will be
(Font)              scaled to size 6.0pt on input line 69.
LaTeX Font Info:    Font shape `TU/GaramondLibre(0)/m/n' will be
(Font)              scaled to size 5.0pt on input line 69.
LaTeX Font Info:    Trying to load font information for U+msa on input line 69.


(c:/texlive/2024/texmf-dist/tex/latex/amsfonts/umsa.fd
File: umsa.fd 2013/01/14 v3.01 AMS symbols A
)
(c:/texlive/2024/texmf-dist/tex/latex/microtype/mt-msa.cfg
File: mt-msa.cfg 2006/02/04 v1.1 microtype config. file: AMS symbols (a) (RS)
)
LaTeX Font Info:    Trying to load font information for U+msb on input line 69.


(c:/texlive/2024/texmf-dist/tex/latex/amsfonts/umsb.fd
File: umsb.fd 2013/01/14 v3.01 AMS symbols B
)
(c:/texlive/2024/texmf-dist/tex/latex/microtype/mt-msb.cfg
File: mt-msb.cfg 2005/06/01 v1.0 microtype config. file: AMS symbols (b) (RS)
)
(c:/texlive/2024/texmf-dist/tex/latex/microtype/mt-cmr.cfg
File: mt-cmr.cfg 2013/05/19 v2.2 microtype config. file: Computer Modern Roman 
(RS)
)
File: Immagini/DiracEdizioniLogo.png Graphic file (type png)
<use Immagini/DiracEdizioniLogo.png>
Package luatex.def Info: Immagini/DiracEdizioniLogo.png  used on input line 76.

(luatex.def)             Requested size: 9.47285pt x 9.47285pt.


[4]
LaTeX Font Info:    Font shape `TU/GaramondLibre(0)/m/n' will be
(Font)              scaled to size 7.0pt on input line 83.
LaTeX Font Info:    Font shape `TU/GaramondLibre(0)/m/it' will be
(Font)              scaled to size 10.0pt on input line 86.


[5

]
LaTeX Font Info:    Font shape `TU/GaramondLibre(0)/m/n' will be
(Font)              scaled to size 12.0pt on input line 99.
LaTeX Font Info:    Font shape `TU/GaramondLibre(0)/m/sc' will be
(Font)              scaled to size 12.0pt on input line 99.


[1


]

LaTeX Font Info:    Font shape `TU/GaramondLibre(0)/m/sl' in size <10> not avai
lable
(Font)              Font shape `TU/GaramondLibre(0)/m/it' tried instead on inpu
t line 115.
LaTeX Font Info:    Font shape `TU/GaramondLibre(0)/m/it' will be
(Font)              scaled to size 10.0pt on input line 115.
[2] ("./caratteri alieni.pdf_tex"
<caratteri alieni.pdf, id=31, page=1, 4751.18936pt x 2987.1929pt>
File: caratteri alieni.pdf Graphic file (type pdf)
<use caratteri alieni.pdf, page 1>
Package luatex.def Info: caratteri alieni.pdf , page1 used on input line 56.
(luatex.def)             Requested size: 341.0pt x 214.36667pt.
)

[0<./caratteri alieni.pdf>]

[0]) (./Capitoli/capitolo1.tex

[1


] (./divisore.pdf_tex
<divisore.pdf, id=41, page=1, 1126.9219pt x 127.95338pt>
File: divisore.pdf Graphic file (type pdf)
<use divisore.pdf, page 1>
Package luatex.def Info: divisore.pdf , page1 used on input line 56.
(luatex.def)             Requested size: 341.0pt x 38.71822pt.
)

[2<./divisore.pdf>]

[3] (./divisore.pdf_tex
File: divisore.pdf Graphic file (type pdf)
<use divisore.pdf, page 1>
Package luatex.def Info: divisore.pdf , page1 used on input line 56.
(luatex.def)             Requested size: 341.0pt x 38.71822pt.
)

[4]

[5]

[6]

[7]

[8]) (./Capitoli/capitolo2.tex

[9]

[10

]

[11]

[12]) (./Capitoli/capitolo3.tex

[13]

[14

]

[15]

[16]

[17] (./divisore.pdf_tex
File: divisore.pdf Graphic file (type pdf)
<use divisore.pdf, page 1>
Package luatex.def Info: divisore.pdf , page1 used on input line 56.
(luatex.def)             Requested size: 341.0pt x 38.71822pt.
)

[18] (./divisore.pdf_tex
File: divisore.pdf Graphic file (type pdf)
<use divisore.pdf, page 1>
Package luatex.def Info: divisore.pdf , page1 used on input line 56.
(luatex.def)             Requested size: 341.0pt x 38.71822pt.
)

[19]

[20]

[21]

[22]) (./Capitoli/capitolo4.tex

[23]

[24

]

[25] (./divisore.pdf_tex
File: divisore.pdf Graphic file (type pdf)
<use divisore.pdf, page 1>
Package luatex.def Info: divisore.pdf , page1 used on input line 56.
(luatex.def)             Requested size: 341.0pt x 38.71822pt.
)

[26]

[27]

[28]
Underfull \vbox (badness 1895) has occurred while \output is active []



[29]

[30]) (./Capitoli/capitolo5.tex

[31]

[32

]

[33]

[34]

[35]

[36]

[37]

[38]

[39]) (./Capitoli/capitolo6.tex

[40]

[41

]


Class memoir Warning: The material used in the headers is too large
(13.78003pt) for the given head height (12.0pt), it is recommended to
either increase the head height or redesign the header
(in both cases you will find help in the memoir manual). on input line 105.


Overfull \vbox (1.78003pt too high) has occurred while \output is active []


[42]

[43]


Overfull \vbox (1.78003pt too high) has occurred while \output is active []


[44]

[45]


Overfull \vbox (1.78003pt too high) has occurred while \output is active []


[46]) (./Capitoli/capitolo7.tex

[47]

[48

]

[49]

[50]

[51]

[52]

[53]

[54]) (./Capitoli/capitolo8.tex

[55] (./divisore.pdf_tex
File: divisore.pdf Graphic file (type pdf)
<use divisore.pdf, page 1>
Package luatex.def Info: divisore.pdf , page1 used on input line 56.
(luatex.def)             Requested size: 341.0pt x 38.71822pt.
)

[56

]

[57]

[58]

[59]

[60]

[61] (./divisore.pdf_tex
File: divisore.pdf Graphic file (type pdf)
<use divisore.pdf, page 1>
Package luatex.def Info: divisore.pdf , page1 used on input line 56.
(luatex.def)             Requested size: 341.0pt x 38.71822pt.
)

[62]) (./Capitoli/capitolo9.tex

[63]

[64

]

[65]

[66]

[67]

[68]

[69]

[70]

[71]) (./Capitoli/capitolo10.tex

[72]
Underfull \vbox (badness 2875) has occurred while \output is active []



[73

]

[74]

[75]

[76]

[77]

[78]) (./Capitoli/capitolo11.tex

[79]

[80

] (./divisore.pdf_tex
File: divisore.pdf Graphic file (type pdf)
<use divisore.pdf, page 1>
Package luatex.def Info: divisore.pdf , page1 used on input line 56.
(luatex.def)             Requested size: 341.0pt x 38.71822pt.
)

[81]

[82]

[83] (./divisore.pdf_tex
File: divisore.pdf Graphic file (type pdf)
<use divisore.pdf, page 1>
Package luatex.def Info: divisore.pdf , page1 used on input line 56.
(luatex.def)             Requested size: 341.0pt x 38.71822pt.
)

[84] (./divisore.pdf_tex
File: divisore.pdf Graphic file (type pdf)
<use divisore.pdf, page 1>
Package luatex.def Info: divisore.pdf , page1 used on input line 56.
(luatex.def)             Requested size: 341.0pt x 38.71822pt.
)

[85]

[86]

[87]) (./Capitoli/capitolo12.tex

[88] (./divisore.pdf_tex
File: divisore.pdf Graphic file (type pdf)
<use divisore.pdf, page 1>
Package luatex.def Info: divisore.pdf , page1 used on input line 56.
(luatex.def)             Requested size: 341.0pt x 38.71822pt.
)

[89

]
Underfull \vbox (badness 1137) has occurred while \output is active []



[90]

[91]

[92]

[93]) (./Capitoli/capitolo13.tex

[94]

[95

]

[96]

[97]

[98]

[99]

[100]

[101] (./divisore.pdf_tex
File: divisore.pdf Graphic file (type pdf)
<use divisore.pdf, page 1>
Package luatex.def Info: divisore.pdf , page1 used on input line 56.
(luatex.def)             Requested size: 341.0pt x 38.71822pt.
)) (./Capitoli/capitolo14.tex

[102]

[103

]


Overfull \vbox (1.78003pt too high) has occurred while \output is active []


[104]

[105]


Overfull \vbox (1.78003pt too high) has occurred while \output is active []


[106]

[107]) (./Capitoli/capitolo15.tex


Overfull \vbox (1.78003pt too high) has occurred while \output is active []


[108]
Underfull \vbox (badness 2875) has occurred while \output is active []



[109

]

[110] (./divisore.pdf_tex
File: divisore.pdf Graphic file (type pdf)
<use divisore.pdf, page 1>
Package luatex.def Info: divisore.pdf , page1 used on input line 56.
(luatex.def)             Requested size: 341.0pt x 38.71822pt.
)

[111]
Underfull \vbox (badness 2698) has occurred while \output is active []



[112]) (./Capitoli/capitolo16.tex

[113]

[114

]

[115]

[116]) (./Capitoli/capitolo17.tex

[117]

[118

]

[119]

[120]) (./Capitoli/capitolo18.tex

[121]

[122

]

[123]


Overfull \vbox (1.78003pt too high) has occurred while \output is active []


[124]

[125]


Overfull \vbox (1.78003pt too high) has occurred while \output is active []


[126]

[127]


Overfull \vbox (1.78003pt too high) has occurred while \output is active []


[128]

[129]) (./Capitoli/capitolo19.tex


Overfull \vbox (1.78003pt too high) has occurred while \output is active []


[130]

[131

]

[132]

[133] (./divisore.pdf_tex
File: divisore.pdf Graphic file (type pdf)
<use divisore.pdf, page 1>
Package luatex.def Info: divisore.pdf , page1 used on input line 56.
(luatex.def)             Requested size: 341.0pt x 38.71822pt.
)

[134]

[135]

[136]) (./Capitoli/capitolo20.tex

[137]

[138

]

[139]

[140]

[141]

[142]

[143]) (./Capitoli/capitolo21.tex

[144]

[145

]

[146]

[147]

[148]) (./Capitoli/capitolo22.tex

[149]

[150

]

[151]

[152]

[153] (./divisore.pdf_tex
File: divisore.pdf Graphic file (type pdf)
<use divisore.pdf, page 1>
Package luatex.def Info: divisore.pdf , page1 used on input line 56.
(luatex.def)             Requested size: 341.0pt x 38.71822pt.
)

[154] (./divisore.pdf_tex
File: divisore.pdf Graphic file (type pdf)
<use divisore.pdf, page 1>
Package luatex.def Info: divisore.pdf , page1 used on input line 56.
(luatex.def)             Requested size: 341.0pt x 38.71822pt.
)

[155]

[156]) (./Capitoli/capitolo23.tex

[157]

[158

]

[159]

[160]
Underfull \hbox (badness 10000) in paragraph at lines 177--191

 []

(./divisore.pdf_tex
File: divisore.pdf Graphic file (type pdf)
<use divisore.pdf, page 1>
Package luatex.def Info: divisore.pdf , page1 used on input line 56.
(luatex.def)             Requested size: 341.0pt x 38.71822pt.
)

[161]

[162]

[163]

[164]

[165]) (./Capitoli/capitolo24.tex

[166]

[167

]
Underfull \hbox (badness 10000) in paragraph at lines 73--86

 []

) (./Capitoli/capitolo25.tex

[168]

[169

]


Overfull \vbox (1.78003pt too high) has occurred while \output is active []


[170]
Underfull \vbox (badness 1895) has occurred while \output is active []



[171]) (./Capitoli/capitolo26.tex


Overfull \vbox (1.78003pt too high) has occurred while \output is active []


[172]

[173

]

[174]

[175]

[176]

[177] (./divisore.pdf_tex
File: divisore.pdf Graphic file (type pdf)
<use divisore.pdf, page 1>
Package luatex.def Info: divisore.pdf , page1 used on input line 56.
(luatex.def)             Requested size: 341.0pt x 38.71822pt.
)

[178]) (./Capitoli/capitolo27.tex

[179]
LaTeX Font Info:    Font shape `TU/GaramondLibre(0)/b/n' will be
(Font)              scaled to size 10.0pt on input line 25.


[180

]) (./Capitoli/capitolo28.tex

[181]

[182

]

[183]

[184]

[185]) (./Capitoli/capitolo29.tex

[186]

[187

]

[188]

[189]

[190]) (./Capitoli/capitolo30.tex

[191]

[192

]

[193] (./divisore.pdf_tex
File: divisore.pdf Graphic file (type pdf)
<use divisore.pdf, page 1>
Package luatex.def Info: divisore.pdf , page1 used on input line 56.
(luatex.def)             Requested size: 341.0pt x 38.71822pt.
)

[194]
Underfull \vbox (badness 1377) has occurred while \output is active []



[195]

[196]

[197]) (./Capitoli/capitolo31.tex

[198]

[199]

[200

]

[201]


Overfull \vbox (1.78003pt too high) has occurred while \output is active []


[202]

[203]) (./Capitoli/capitolo32.tex


Overfull \vbox (1.78003pt too high) has occurred while \output is active []


[204]

[205

]

[206]) (./Capitoli/capitolo33.tex

[207]

[208

] (./divisore.pdf_tex
File: divisore.pdf Graphic file (type pdf)
<use divisore.pdf, page 1>
Package luatex.def Info: divisore.pdf , page1 used on input line 56.
(luatex.def)             Requested size: 341.0pt x 38.71822pt.
)

[209]

[210]

[211]

[212]) (./Capitoli/capitolo34.tex

[213]

[214

]

[215]


Overfull \vbox (1.78003pt too high) has occurred while \output is active []


[216]
Underfull \vbox (badness 1377) has occurred while \output is active []



[217]


Overfull \vbox (1.78003pt too high) has occurred while \output is active []


[218]

[219]


Overfull \vbox (1.78003pt too high) has occurred while \output is active []


[220]) (./Capitoli/capitolo35.tex

[221]

[222

]

[223]

[224]

[225]) (./Capitoli/capitolo36.tex

[226]

[227

]

[228]

[229]

[230]

[231]

[232]

[233]

[234]

[235]
Underfull \vbox (badness 2698) has occurred while \output is active []



[236]) (./Capitoli/capitolo37.tex

[237]

[238

]

[239]) (./Capitoli/capitolo38.tex

[240] (./divisore.pdf_tex
File: divisore.pdf Graphic file (type pdf)
<use divisore.pdf, page 1>
Package luatex.def Info: divisore.pdf , page1 used on input line 56.
(luatex.def)             Requested size: 341.0pt x 38.71822pt.
)

[241

]

[242]

[243] (./divisore.pdf_tex
File: divisore.pdf Graphic file (type pdf)
<use divisore.pdf, page 1>
Package luatex.def Info: divisore.pdf , page1 used on input line 56.
(luatex.def)             Requested size: 341.0pt x 38.71822pt.
)

[244]

[245] (./divisore.pdf_tex
File: divisore.pdf Graphic file (type pdf)
<use divisore.pdf, page 1>
Package luatex.def Info: divisore.pdf , page1 used on input line 56.
(luatex.def)             Requested size: 341.0pt x 38.71822pt.
)

[246]

[247]

[248]) (./Capitoli/capitolo39.tex

[249]

[250

]

[251]

[252]

[253]

[254]) (./Capitoli/capitolo40.tex

[255]

[256

]

[257]

[258]) (./Capitoli/capitolo41.tex

[259]

[260

]

[261]

[262]

[263] (./divisore.pdf_tex
File: divisore.pdf Graphic file (type pdf)
<use divisore.pdf, page 1>
Package luatex.def Info: divisore.pdf , page1 used on input line 56.
(luatex.def)             Requested size: 341.0pt x 38.71822pt.
)

[264]) (./Capitoli/capitolo42.tex

[265]

[266

] (./divisore.pdf_tex
File: divisore.pdf Graphic file (type pdf)
<use divisore.pdf, page 1>
Package luatex.def Info: divisore.pdf , page1 used on input line 56.
(luatex.def)             Requested size: 341.0pt x 38.71822pt.
)

[267]

[268]

[269]

[270]

[271]

[272]

[273]

[274]

[275]) (./Capitoli/capitolo43.tex

[276]

[277

]

[278]

[279]

[280]

[281]

[282]

[283]

[284]

[285]) (./Capitoli/capitolo44.tex

[286]

[287

]


Overfull \vbox (0.91003pt too high) has occurred while \output is active []


[288]

[289]


Overfull \vbox (0.91003pt too high) has occurred while \output is active []


[290]

[291]) (./Capitoli/capitolo45.tex


Overfull \vbox (0.91003pt too high) has occurred while \output is active []


[292]

[293

]

[294]

[295]

[296]) (./Capitoli/capitolo46.tex

[297]

[298

]

[299]

[300]
Underfull \vbox (badness 1377) has occurred while \output is active []



[301]

[302]

[303]

[304]

[305]) (./Capitoli/capitolo47.tex

[306]

[307

]) (./Capitoli/capitolo48.tex

[308]

[309

]

[310]

[311]

[312]

[313]

[314]

[315]) (./Capitoli/capitolo49.tex

[316]

[317

]

[318]

[319]

[320]

[321]) (./Capitoli/capitolo50.tex

[322]

[323

]

[324] (./divisore.pdf_tex
File: divisore.pdf Graphic file (type pdf)
<use divisore.pdf, page 1>
Package luatex.def Info: divisore.pdf , page1 used on input line 56.
(luatex.def)             Requested size: 341.0pt x 38.71822pt.
)

[325]

[326]

[327]

[328]

[329]

[330]

[331]
Underfull \vbox (badness 1377) has occurred while \output is active []



[332]) (./Capitoli/capitolo51.tex

[333]

[334

]

[335]


Overfull \vbox (1.78003pt too high) has occurred while \output is active []


[336]

[337] (./divisore.pdf_tex
File: divisore.pdf Graphic file (type pdf)
<use divisore.pdf, page 1>
Package luatex.def Info: divisore.pdf , page1 used on input line 56.
(luatex.def)             Requested size: 341.0pt x 38.71822pt.
)


Overfull \vbox (1.78003pt too high) has occurred while \output is active []


[338]

[339]


Overfull \vbox (1.78003pt too high) has occurred while \output is active []


[340]

[341]) (./Capitoli/capitolo52.tex


Overfull \vbox (1.78003pt too high) has occurred while \output is active []


[342]

[343

]

[344]

[345]

[346]

[347]

[348] (./divisore.pdf_tex
File: divisore.pdf Graphic file (type pdf)
<use divisore.pdf, page 1>
Package luatex.def Info: divisore.pdf , page1 used on input line 56.
(luatex.def)             Requested size: 341.0pt x 38.71822pt.
)) (./Capitoli/capitolo53.tex

[349]

[350

]

[351]
Underfull \vbox (badness 2698) has occurred while \output is active []



[352]

[353]

[354]

[355]

[356]

[357]) (./Capitoli/capitolo54.tex

[358]

[359

]

[360]

[361]

[362]) (./Capitoli/capitolo55.tex

[363]
Underfull \vbox (badness 2875) has occurred while \output is active []



[364

]

[365]

[366]

[367]

[368]

[369]

[370]

[371]

[372]

[373]) (./Capitoli/capitolo56.tex

[374]

[375

]

[376]

[377] (./divisore.pdf_tex
File: divisore.pdf Graphic file (type pdf)
<use divisore.pdf, page 1>
Package luatex.def Info: divisore.pdf , page1 used on input line 56.
(luatex.def)             Requested size: 341.0pt x 38.71822pt.
)

[378]

[379]

[380]

[381] (./divisore.pdf_tex
File: divisore.pdf Graphic file (type pdf)
<use divisore.pdf, page 1>
Package luatex.def Info: divisore.pdf , page1 used on input line 56.
(luatex.def)             Requested size: 341.0pt x 38.71822pt.
)

[382]

[383] (./divisore.pdf_tex
File: divisore.pdf Graphic file (type pdf)
<use divisore.pdf, page 1>
Package luatex.def Info: divisore.pdf , page1 used on input line 56.
(luatex.def)             Requested size: 341.0pt x 38.71822pt.
)

[384]

[385]

[386]) (./Capitoli/capitolo57.tex

[387]

[388

]
Underfull \vbox (badness 2698) has occurred while \output is active []



[389]

[390]

[391]

[392]) (./Capitoli/capitolo58.tex

[393]

[394

]

[395]

[396] (./divisore.pdf_tex
File: divisore.pdf Graphic file (type pdf)
<use divisore.pdf, page 1>
Package luatex.def Info: divisore.pdf , page1 used on input line 56.
(luatex.def)             Requested size: 341.0pt x 38.71822pt.
)

[397]

[398]

[399]) (./Capitoli/capitolo59.tex

[400]

[401

]) (./Capitoli/capitolo60.tex

[402]

[403

]

[404]

[405]

[406]

[407]

[408]

[409]

[410]) (./Capitoli/capitolo61.tex

[411]

[412

]

[413]

[414]

[415]

[416]

[417]) (./Capitoli/capitolo62.tex

[418]

[419

]

[420]

[421]

[422]) (./Capitoli/capitolo63.tex

[423]

[424

]

[425]

[426]

[427]

[428]

[429]) (./Capitoli/capitolo64.tex

[430]

[431

]


Overfull \vbox (1.78003pt too high) has occurred while \output is active []


[432]

[433]


Overfull \vbox (1.78003pt too high) has occurred while \output is active []


[434]

[435]) (./Capitoli/capitolo65.tex


Overfull \vbox (1.78003pt too high) has occurred while \output is active []


[436]

[437

]

[438]

[439]

[440]

[441]

[442] (./divisore.pdf_tex
File: divisore.pdf Graphic file (type pdf)
<use divisore.pdf, page 1>
Package luatex.def Info: divisore.pdf , page1 used on input line 56.
(luatex.def)             Requested size: 341.0pt x 38.71822pt.
)

[443]

[444]) (./Capitoli/capitolo66.tex

[445]
Underfull \vbox (badness 2875) has occurred while \output is active []



[446

]

[447]

[448]

[449]

[450]

[451]

[452] (./divisore.pdf_tex
File: divisore.pdf Graphic file (type pdf)
<use divisore.pdf, page 1>
Package luatex.def Info: divisore.pdf , page1 used on input line 56.
(luatex.def)             Requested size: 341.0pt x 38.71822pt.
)

[453]

[454]

[455]) (./Capitoli/capitolo67.tex

[456] (./divisore.pdf_tex
File: divisore.pdf Graphic file (type pdf)
<use divisore.pdf, page 1>
Package luatex.def Info: divisore.pdf , page1 used on input line 56.
(luatex.def)             Requested size: 341.0pt x 38.71822pt.
)
Underfull \vbox (badness 1810) has occurred while \output is active []



[457

]

[458]

[459]

[460]

[461]

[462] (./divisore.pdf_tex
File: divisore.pdf Graphic file (type pdf)
<use divisore.pdf, page 1>
Package luatex.def Info: divisore.pdf , page1 used on input line 56.
(luatex.def)             Requested size: 341.0pt x 38.71822pt.
)

[463]

[464]) (./Capitoli/capitolo68.tex

[465]

[466

]

[467]

[468]) (./Capitoli/capitolo69.tex

[469]

[470

]
Underfull \vbox (badness 1038) has occurred while \output is active []



[471]
Underfull \vbox (badness 3271) has occurred while \output is active []



[472]

[473] (./divisore.pdf_tex
File: divisore.pdf Graphic file (type pdf)
<use divisore.pdf, page 1>
Package luatex.def Info: divisore.pdf , page1 used on input line 56.
(luatex.def)             Requested size: 341.0pt x 38.71822pt.
)

[474]

[475]

[476]
Underfull \vbox (badness 1377) has occurred while \output is active []



[477]

[478]

[479]) (./Capitoli/capitolo70.tex

[480]

[481

]

[482]

[483]

[484] (./divisore.pdf_tex
File: divisore.pdf Graphic file (type pdf)
<use divisore.pdf, page 1>
Package luatex.def Info: divisore.pdf , page1 used on input line 56.
(luatex.def)             Requested size: 341.0pt x 38.71822pt.
)

[485]
Underfull \vbox (badness 1895) has occurred while \output is active []



[486]

[487]

[488]) (./Capitoli/capitolo71.tex

[489]
Underfull \hbox (badness 10000) in paragraph at lines 21--23

 []



[490

]

[491]

[492]

[493]

[494]

[495]

[496]) (./Capitoli/capitolo72.tex

[497]

[498

]

[499]

[500]

[501]

[502]

[503]

[504]) (./Capitoli/capitolo73.tex

[505]

[506

]

[507]

[508]

[509]

[510]

[511]

[512]

[513]

[514]

[515]) (./Capitoli/capitolo74.tex

[516]

[517

]

[518]

[519]

[520]

[521]) (./Capitoli/capitolo75.tex

[522]

[523

]


Overfull \vbox (1.78003pt too high) has occurred while \output is active []


[524] (./divisore.pdf_tex
File: divisore.pdf Graphic file (type pdf)
<use divisore.pdf, page 1>
Package luatex.def Info: divisore.pdf , page1 used on input line 56.
(luatex.def)             Requested size: 341.0pt x 38.71822pt.
)

[525]


Overfull \vbox (1.78003pt too high) has occurred while \output is active []


[526]

[527]


Overfull \vbox (1.78003pt too high) has occurred while \output is active []


[528]

[529]


Overfull \vbox (1.78003pt too high) has occurred while \output is active []


[530]

[531]) (./Capitoli/capitolo76.tex


Overfull \vbox (1.78003pt too high) has occurred while \output is active []


[532]
Underfull \vbox (badness 1215) has occurred while \output is active []



[533

]

[534]

[535]

[536]

[537]

[538]

[539]

[540]

[541]

[542]

[543]

[544]) (./Capitoli/capitolo77.tex

[545]

[546

]

[547]
Underfull \vbox (badness 1377) has occurred while \output is active []



[548]

[549]

[550]

[551] (./divisore.pdf_tex
File: divisore.pdf Graphic file (type pdf)
<use divisore.pdf, page 1>
Package luatex.def Info: divisore.pdf , page1 used on input line 56.
(luatex.def)             Requested size: 341.0pt x 38.71822pt.
)

[552]) (./Capitoli/capitolo78.tex

[553]

[554

]

[555]


Overfull \vbox (1.78003pt too high) has occurred while \output is active []


[556]

[557] (./divisore.pdf_tex
File: divisore.pdf Graphic file (type pdf)
<use divisore.pdf, page 1>
Package luatex.def Info: divisore.pdf , page1 used on input line 56.
(luatex.def)             Requested size: 341.0pt x 38.71822pt.
)) (./Capitoli/capitolo79.tex


Overfull \vbox (1.78003pt too high) has occurred while \output is active []


[558]
LaTeX Font Info:    Font shape `TU/GaramondLibre(0)/b/n' will be
(Font)              scaled to size 12.0pt on input line 5.

Underfull \hbox (badness 10000) in paragraph at lines 10--31

 []



[559


]
Underfull \hbox (badness 10000) in paragraph at lines 52--162

 []


Underfull \hbox (badness 10000) in paragraph at lines 52--162

 []


Underfull \hbox (badness 10000) in paragraph at lines 52--162

 []


Underfull \hbox (badness 10000) in paragraph at lines 52--162

 []


Underfull \hbox (badness 10000) in paragraph at lines 52--162

 []


Underfull \hbox (badness 10000) in paragraph at lines 52--162

 []


Underfull \hbox (badness 10000) in paragraph at lines 52--162

 []


Underfull \hbox (badness 10000) in paragraph at lines 52--162

 []


Underfull \hbox (badness 10000) in paragraph at lines 52--162

 []


Underfull \hbox (badness 10000) in paragraph at lines 52--162

 []


Underfull \hbox (badness 10000) in paragraph at lines 52--162

 []


Underfull \hbox (badness 10000) in paragraph at lines 52--162

 []


Underfull \hbox (badness 10000) in paragraph at lines 52--162

 []


Underfull \hbox (badness 10000) in paragraph at lines 52--162

 []


Underfull \hbox (badness 10000) in paragraph at lines 52--162

 []


Underfull \hbox (badness 10000) in paragraph at lines 52--162

 []


Underfull \hbox (badness 10000) in paragraph at lines 52--162

 []


Underfull \hbox (badness 10000) in paragraph at lines 52--162

 []


Underfull \hbox (badness 10000) in paragraph at lines 52--162

 []


Underfull \hbox (badness 10000) in paragraph at lines 52--162

 []


Underfull \hbox (badness 10000) in paragraph at lines 52--162

 []


Underfull \hbox (badness 10000) in paragraph at lines 52--162

 []


Underfull \hbox (badness 10000) in paragraph at lines 52--162

 []


Underfull \hbox (badness 10000) in paragraph at lines 52--162

 []


Underfull \hbox (badness 10000) in paragraph at lines 52--162

 []


Underfull \hbox (badness 10000) in paragraph at lines 52--162

 []


Underfull \hbox (badness 10000) in paragraph at lines 52--162

 []


Underfull \hbox (badness 10000) in paragraph at lines 52--162

 []


Underfull \hbox (badness 10000) in paragraph at lines 52--162

 []



[560]
Underfull \hbox (badness 10000) in paragraph at lines 163--182

 []


Underfull \vbox (badness 10000) has occurred while \output is active []



[561]
Underfull \hbox (badness 10000) in paragraph at lines 188--237

 []


Underfull \hbox (badness 10000) in paragraph at lines 188--237

 []


Underfull \hbox (badness 10000) in paragraph at lines 188--237

 []


Underfull \hbox (badness 10000) in paragraph at lines 188--237

 []


Underfull \hbox (badness 10000) in paragraph at lines 188--237

 []


Underfull \hbox (badness 10000) in paragraph at lines 188--237

 []


Underfull \hbox (badness 10000) in paragraph at lines 188--237

 []


Underfull \hbox (badness 10000) in paragraph at lines 188--237

 []


Underfull \hbox (badness 10000) in paragraph at lines 188--237

 []


Underfull \hbox (badness 10000) in paragraph at lines 188--237

 []


Underfull \hbox (badness 10000) in paragraph at lines 188--237

 []


Underfull \hbox (badness 10000) in paragraph at lines 188--237

 []


Underfull \hbox (badness 10000) in paragraph at lines 188--237

 []


Underfull \hbox (badness 10000) in paragraph at lines 188--237

 []


Underfull \hbox (badness 10000) in paragraph at lines 188--237

 []


Underfull \hbox (badness 10000) in paragraph at lines 188--237

 []



[562]
Underfull \hbox (badness 10000) in paragraph at lines 242--258

 []


Underfull \hbox (badness 10000) in paragraph at lines 270--388

 []


Underfull \hbox (badness 10000) in paragraph at lines 270--388

 []


Underfull \hbox (badness 10000) in paragraph at lines 270--388

 []


Underfull \hbox (badness 10000) in paragraph at lines 270--388

 []


Underfull \hbox (badness 10000) in paragraph at lines 270--388

 []


Underfull \hbox (badness 10000) in paragraph at lines 270--388

 []


Underfull \hbox (badness 10000) in paragraph at lines 270--388

 []


Underfull \hbox (badness 10000) in paragraph at lines 270--388

 []


Underfull \hbox (badness 10000) in paragraph at lines 270--388

 []


Underfull \hbox (badness 10000) in paragraph at lines 270--388

 []


Underfull \hbox (badness 10000) in paragraph at lines 270--388

 []


Underfull \hbox (badness 10000) in paragraph at lines 270--388

 []


Underfull \hbox (badness 10000) in paragraph at lines 270--388

 []


Underfull \hbox (badness 10000) in paragraph at lines 270--388

 []


Underfull \hbox (badness 10000) in paragraph at lines 270--388

 []


Underfull \hbox (badness 10000) in paragraph at lines 270--388

 []


Underfull \hbox (badness 10000) in paragraph at lines 270--388

 []


Underfull \hbox (badness 10000) in paragraph at lines 270--388

 []


Underfull \hbox (badness 10000) in paragraph at lines 270--388

 []


Underfull \hbox (badness 10000) in paragraph at lines 270--388

 []


Underfull \hbox (badness 10000) in paragraph at lines 270--388

 []


Underfull \hbox (badness 10000) in paragraph at lines 270--388

 []


Underfull \hbox (badness 10000) in paragraph at lines 270--388

 []


Underfull \hbox (badness 10000) in paragraph at lines 270--388

 []


Underfull \hbox (badness 10000) in paragraph at lines 270--388

 []


Underfull \hbox (badness 10000) in paragraph at lines 270--388

 []


Underfull \hbox (badness 10000) in paragraph at lines 270--388

 []


Underfull \hbox (badness 10000) in paragraph at lines 270--388

 []


Underfull \hbox (badness 10000) in paragraph at lines 270--388

 []


Underfull \hbox (badness 10000) in paragraph at lines 270--388

 []


Underfull \hbox (badness 10000) in paragraph at lines 270--388

 []


Underfull \hbox (badness 10000) in paragraph at lines 270--388

 []


Underfull \hbox (badness 10000) in paragraph at lines 270--388

 []


Underfull \hbox (badness 10000) in paragraph at lines 270--388

 []



[563]

[564]
Underfull \hbox (badness 10000) in paragraph at lines 389--406

 []


Underfull \vbox (badness 10000) has occurred while \output is active []



[565]
Underfull \hbox (badness 10000) in paragraph at lines 414--531

 []


Underfull \hbox (badness 10000) in paragraph at lines 414--531

 []


Underfull \hbox (badness 10000) in paragraph at lines 414--531

 []


Underfull \hbox (badness 10000) in paragraph at lines 414--531

 []


Underfull \hbox (badness 10000) in paragraph at lines 414--531

 []


Underfull \hbox (badness 10000) in paragraph at lines 414--531

 []


Underfull \hbox (badness 10000) in paragraph at lines 414--531

 []


Underfull \hbox (badness 10000) in paragraph at lines 414--531

 []


Underfull \hbox (badness 10000) in paragraph at lines 414--531

 []


Underfull \hbox (badness 10000) in paragraph at lines 414--531

 []


Underfull \hbox (badness 10000) in paragraph at lines 414--531

 []


Underfull \hbox (badness 10000) in paragraph at lines 414--531

 []


Underfull \hbox (badness 10000) in paragraph at lines 414--531

 []


Underfull \hbox (badness 10000) in paragraph at lines 414--531

 []


Underfull \hbox (badness 10000) in paragraph at lines 414--531

 []


Underfull \hbox (badness 10000) in paragraph at lines 414--531

 []


Underfull \hbox (badness 10000) in paragraph at lines 414--531

 []


Underfull \hbox (badness 10000) in paragraph at lines 414--531

 []


Underfull \hbox (badness 10000) in paragraph at lines 414--531

 []


Underfull \hbox (badness 10000) in paragraph at lines 414--531

 []


Underfull \hbox (badness 10000) in paragraph at lines 414--531

 []


Underfull \hbox (badness 10000) in paragraph at lines 414--531

 []


Underfull \hbox (badness 10000) in paragraph at lines 414--531

 []


Underfull \hbox (badness 10000) in paragraph at lines 414--531

 []


Underfull \hbox (badness 10000) in paragraph at lines 414--531

 []


Underfull \hbox (badness 10000) in paragraph at lines 414--531

 []


Underfull \hbox (badness 10000) in paragraph at lines 414--531

 []


Underfull \hbox (badness 10000) in paragraph at lines 414--531

 []


Underfull \hbox (badness 10000) in paragraph at lines 414--531

 []


Underfull \hbox (badness 10000) in paragraph at lines 414--531

 []


Underfull \hbox (badness 10000) in paragraph at lines 414--531

 []


Underfull \hbox (badness 10000) in paragraph at lines 414--531

 []



[566]

[567]
Underfull \hbox (badness 10000) in paragraph at lines 534--614

 []


Underfull \hbox (badness 10000) in paragraph at lines 534--614

 []


Underfull \hbox (badness 10000) in paragraph at lines 534--614

 []


Underfull \hbox (badness 10000) in paragraph at lines 534--614

 []


Underfull \hbox (badness 10000) in paragraph at lines 534--614

 []


Underfull \hbox (badness 10000) in paragraph at lines 534--614

 []


Underfull \hbox (badness 10000) in paragraph at lines 534--614

 []


Underfull \hbox (badness 10000) in paragraph at lines 534--614

 []


Underfull \hbox (badness 10000) in paragraph at lines 534--614

 []


Underfull \hbox (badness 10000) in paragraph at lines 534--614

 []


Underfull \hbox (badness 10000) in paragraph at lines 534--614

 []


Underfull \hbox (badness 10000) in paragraph at lines 534--614

 []


Underfull \hbox (badness 10000) in paragraph at lines 534--614

 []


Underfull \hbox (badness 10000) in paragraph at lines 534--614

 []


Underfull \hbox (badness 10000) in paragraph at lines 534--614

 []


Underfull \hbox (badness 10000) in paragraph at lines 534--614

 []


Underfull \hbox (badness 10000) in paragraph at lines 534--614

 []



[568]

[569]

[569]) (./Capitoli/capitolo80.tex

[570

]

[571]

[572]

[573]

[574]

[574]) (./Capitoli/capitolo81.tex
Underfull \vbox (badness 2875) has occurred while \output is active []



[575

]

[576]

[577]

[578]

[579]

[580]

[581]

[582]

[583]

[584]

[585]

[586]

[587]

[588]

[589]

[589]) (./Capitoli/capitolo82.tex

[590

]

[591]) ("./L’impero del silenzio.toc"
Overfull \hbox (0.51996pt too wide) detected at line 17
 \TU/GaramondLibre(0)/b/n/10 103
 []


Overfull \hbox (0.51996pt too wide) detected at line 18
 \TU/GaramondLibre(0)/b/n/10 109
 []


Overfull \hbox (0.51996pt too wide) detected at line 19
 \TU/GaramondLibre(0)/b/n/10 114
 []


Overfull \hbox (0.51996pt too wide) detected at line 20
 \TU/GaramondLibre(0)/b/n/10 118
 []


Overfull \hbox (0.51996pt too wide) detected at line 21
 \TU/GaramondLibre(0)/b/n/10 122
 []


Overfull \hbox (0.51996pt too wide) detected at line 22
 \TU/GaramondLibre(0)/b/n/10 131
 []



[592]
Overfull \hbox (0.51996pt too wide) detected at line 23
 \TU/GaramondLibre(0)/b/n/10 138
 []


Overfull \hbox (0.51996pt too wide) detected at line 24
 \TU/GaramondLibre(0)/b/n/10 145
 []


Overfull \hbox (0.51996pt too wide) detected at line 25
 \TU/GaramondLibre(0)/b/n/10 150
 []


Overfull \hbox (0.51996pt too wide) detected at line 26
 \TU/GaramondLibre(0)/b/n/10 158
 []


Overfull \hbox (0.51996pt too wide) detected at line 27
 \TU/GaramondLibre(0)/b/n/10 167
 []


Overfull \hbox (0.51996pt too wide) detected at line 28
 \TU/GaramondLibre(0)/b/n/10 169
 []


Overfull \hbox (0.51996pt too wide) detected at line 29
 \TU/GaramondLibre(0)/b/n/10 173
 []


Overfull \hbox (0.51996pt too wide) detected at line 30
 \TU/GaramondLibre(0)/b/n/10 180
 []


Overfull \hbox (0.51996pt too wide) detected at line 31
 \TU/GaramondLibre(0)/b/n/10 182
 []


Overfull \hbox (0.51996pt too wide) detected at line 32
 \TU/GaramondLibre(0)/b/n/10 187
 []


Overfull \hbox (0.51996pt too wide) detected at line 33
 \TU/GaramondLibre(0)/b/n/10 192
 []


Overfull \hbox (0.51996pt too wide) detected at line 34
 \TU/GaramondLibre(0)/b/n/10 200
 []


Overfull \hbox (0.51996pt too wide) detected at line 35
 \TU/GaramondLibre(0)/b/n/10 205
 []


Overfull \hbox (0.51996pt too wide) detected at line 36
 \TU/GaramondLibre(0)/b/n/10 208
 []


Overfull \hbox (0.51996pt too wide) detected at line 37
 \TU/GaramondLibre(0)/b/n/10 214
 []


Overfull \hbox (0.51996pt too wide) detected at line 38
 \TU/GaramondLibre(0)/b/n/10 222
 []


Overfull \hbox (0.51996pt too wide) detected at line 39
 \TU/GaramondLibre(0)/b/n/10 227
 []


Overfull \hbox (0.51996pt too wide) detected at line 40
 \TU/GaramondLibre(0)/b/n/10 238
 []


Overfull \hbox (0.51996pt too wide) detected at line 41
 \TU/GaramondLibre(0)/b/n/10 241
 []


Overfull \hbox (0.51996pt too wide) detected at line 42
 \TU/GaramondLibre(0)/b/n/10 250
 []


Overfull \hbox (0.51996pt too wide) detected at line 43
 \TU/GaramondLibre(0)/b/n/10 256
 []


Overfull \hbox (0.51996pt too wide) detected at line 44
 \TU/GaramondLibre(0)/b/n/10 260
 []



[593]
Overfull \hbox (0.51996pt too wide) detected at line 45
 \TU/GaramondLibre(0)/b/n/10 266
 []


Overfull \hbox (0.51996pt too wide) detected at line 46
 \TU/GaramondLibre(0)/b/n/10 277
 []


Overfull \hbox (0.51996pt too wide) detected at line 47
 \TU/GaramondLibre(0)/b/n/10 287
 []


Overfull \hbox (0.51996pt too wide) detected at line 48
 \TU/GaramondLibre(0)/b/n/10 293
 []


Overfull \hbox (0.51996pt too wide) detected at line 49
 \TU/GaramondLibre(0)/b/n/10 298
 []


Overfull \hbox (0.51996pt too wide) detected at line 50
 \TU/GaramondLibre(0)/b/n/10 307
 []


Overfull \hbox (0.51996pt too wide) detected at line 51
 \TU/GaramondLibre(0)/b/n/10 309
 []


Overfull \hbox (0.51996pt too wide) detected at line 52
 \TU/GaramondLibre(0)/b/n/10 317
 []


Overfull \hbox (0.51996pt too wide) detected at line 53
 \TU/GaramondLibre(0)/b/n/10 323
 []


Overfull \hbox (0.51996pt too wide) detected at line 54
 \TU/GaramondLibre(0)/b/n/10 334
 []


Overfull \hbox (0.51996pt too wide) detected at line 55
 \TU/GaramondLibre(0)/b/n/10 343
 []


Overfull \hbox (0.51996pt too wide) detected at line 56
 \TU/GaramondLibre(0)/b/n/10 350
 []


Overfull \hbox (0.51996pt too wide) detected at line 57
 \TU/GaramondLibre(0)/b/n/10 359
 []


Overfull \hbox (0.51996pt too wide) detected at line 58
 \TU/GaramondLibre(0)/b/n/10 364
 []


Overfull \hbox (0.51996pt too wide) detected at line 59
 \TU/GaramondLibre(0)/b/n/10 375
 []


Overfull \hbox (0.51996pt too wide) detected at line 60
 \TU/GaramondLibre(0)/b/n/10 388
 []


Overfull \hbox (0.51996pt too wide) detected at line 61
 \TU/GaramondLibre(0)/b/n/10 394
 []


Overfull \hbox (0.51996pt too wide) detected at line 62
 \TU/GaramondLibre(0)/b/n/10 401
 []


Overfull \hbox (0.51996pt too wide) detected at line 63
 \TU/GaramondLibre(0)/b/n/10 403
 []


Overfull \hbox (0.51996pt too wide) detected at line 64
 \TU/GaramondLibre(0)/b/n/10 412
 []


Overfull \hbox (0.51996pt too wide) detected at line 65
 \TU/GaramondLibre(0)/b/n/10 419
 []


Overfull \hbox (0.51996pt too wide) detected at line 66
 \TU/GaramondLibre(0)/b/n/10 424
 []



[594]
Overfull \hbox (0.51996pt too wide) detected at line 67
 \TU/GaramondLibre(0)/b/n/10 431
 []


Overfull \hbox (0.51996pt too wide) detected at line 68
 \TU/GaramondLibre(0)/b/n/10 437
 []


Overfull \hbox (0.51996pt too wide) detected at line 69
 \TU/GaramondLibre(0)/b/n/10 446
 []


Overfull \hbox (0.51996pt too wide) detected at line 70
 \TU/GaramondLibre(0)/b/n/10 457
 []


Overfull \hbox (0.51996pt too wide) detected at line 71
 \TU/GaramondLibre(0)/b/n/10 466
 []


Overfull \hbox (0.51996pt too wide) detected at line 72
 \TU/GaramondLibre(0)/b/n/10 470
 []


Overfull \hbox (0.51996pt too wide) detected at line 73
 \TU/GaramondLibre(0)/b/n/10 481
 []


Overfull \hbox (0.51996pt too wide) detected at line 74
 \TU/GaramondLibre(0)/b/n/10 490
 []


Overfull \hbox (0.51996pt too wide) detected at line 75
 \TU/GaramondLibre(0)/b/n/10 498
 []


Overfull \hbox (0.51996pt too wide) detected at line 76
 \TU/GaramondLibre(0)/b/n/10 506
 []


Overfull \hbox (0.51996pt too wide) detected at line 77
 \TU/GaramondLibre(0)/b/n/10 517
 []


Overfull \hbox (0.51996pt too wide) detected at line 78
 \TU/GaramondLibre(0)/b/n/10 523
 []


Overfull \hbox (0.51996pt too wide) detected at line 79
 \TU/GaramondLibre(0)/b/n/10 533
 []


Overfull \hbox (0.51996pt too wide) detected at line 80
 \TU/GaramondLibre(0)/b/n/10 546
 []


Overfull \hbox (0.51996pt too wide) detected at line 81
 \TU/GaramondLibre(0)/b/n/10 554
 []


Overfull \hbox (0.51996pt too wide) detected at line 82
 \TU/GaramondLibre(0)/b/n/10 559
 []


Overfull \hbox (0.51996pt too wide) detected at line 88
 \TU/GaramondLibre(0)/b/n/10 570
 []


Overfull \hbox (0.51996pt too wide) detected at line 89
 \TU/GaramondLibre(0)/b/n/10 575
 []


Overfull \hbox (0.51996pt too wide) detected at line 90
 \TU/GaramondLibre(0)/b/n/10 590
 []



[595]
Overfull \hbox (0.51996pt too wide) detected at line 91
 \TU/GaramondLibre(0)/b/n/10 592
 []

)

Class memoir Warning: The material used in the headers is too large
(13.78003pt) for the given head height (12.0pt), it is recommended to
either increase the head height or redesign the header
(in both cases you will find help in the memoir manual). on input line 103.



[596]
\tf@toc=\write5

\openout5 = L’impero del silenzio.toc
 ("./L’impero del silenzio.aux")
 ***********
LaTeX2e <2024-06-01> patch level 2
L3 programming layer <2020/03/25>
 ***********
)

Here is how much of LuaTeX's memory you used:
 28817 strings out of 475910
 100000,1977958 words of node,token memory allocated
 1383 words of node memory still in use:
   8 hlist, 2 vlist, 2 rule, 1 local_par, 5 glue, 4 kern, 1 penalty, 6 glyph, 17
 attribute, 208 glue_spec, 10 attribute_list, 3 write nodes
   avail lists: 1:3,2:1133,3:243,4:83,5:316,6:61,7:9818,8:1,9:446,10:35,11:1415
 49837 multiletter control sequences out of 65536+600000
 73 fonts using 17291215 bytes
 107i,12n,124p,1291b,465s stack positions out of 10000i,1000n,20000p,200000b,200000s
<c:/texlive/2024/texmf-dist/fonts/opentype/public/garamond-libre/GaramondLibre-I
talic.otf><c:/texlive/2024/texmf-dist/fonts/opentype/public/garamond-libre/Garam
ondLibre-Bold.otf><c:/texlive/2024/texmf-dist/fonts/opentype/public/garamond-lib
re/GaramondLibre-Regular.otf>
Output written on L’impero del silenzio.pdf (608 pages, 10992140 bytes).

PDF statistics: 1937 PDF objects out of 2073 (max. 8388607)
 1301 compressed objects within 14 object streams
 0 named destinations out of 1000 (max. 131072)
 16 words of extra memory for PDF output out of 10000 (max. 100000000)

